3p_upstreamC4_downstreamF6_Contig_C4-F6:5	RLC_ji_AC213834-12382	87.71	651	57	18	5	642	9105	8465	0.0	755
3p_upstreamE9_downstreamB9_ContigG11-E7-E9-B9_reversed:5	RLC_ji_AC213834-12382	88.48	651	54	16	5	644	9105	8465	0.0	783
3p_upstreamG11_downstreamE9_ContigG11-E7-E9-B9_reversed:3	RLC_ji_AC213834-12382	88.33	651	55	16	5	644	9105	8465	0.0	778
downstream10.5_unclear_unclear_B9	RLG_gyma_AC189750-2238	85.12	4611	517	51	2275	6797	3013	7542	0.0	5146
downstream10.5_unclear_unclear_E9	RLG_gyma_AC189750-2238	85.14	4611	516	51	2275	6797	3013	7542	0.0	5151
downstream10.5_unclear_unclear_G11	RLG_gyma_AC189750-2238	85.77	4611	516	53	2276	6827	3013	7542	0.0	5245
downstream12_GTTCC_solo_E9	RLC_bote_AC211535-11252	91.86	221	17	1	2033	2253	2438	2657	2e-85	315
downstream13_GAGCC_LTR_B9	RLC_opie_AC202033-7274	93.50	7353	404	27	614	7937	656	7963	0.0	11050
downstream1_BACend_LINE_B2	RIL_loneok_AC193379-0	97.56	2995	60	4	1	2994	6087	3105	0.0	5066
downstream2_TTTACCGATCTTCT_LINE_B10	RIL_afeda_AC208414-0	98.78	1477	16	2	1	1475	6304	4828	0.0	2576
downstream3_BACend_LINE_B10	RLX_hiimam_AC207734-9687	91.99	1148	86	2	1	1147	1349	207	0.0	1653
downstream4_TIR_potentially_B1	RLG_gyma_AC212146-11616	75.88	1132	189	31	3710	4802	2924	4010	0.0	747
downstream5_ACGTG_LTR_G11	RLC_ji_AC215728-13156	93.13	8689	495	22	1	8620	9333	678	0.0	12971
downstream6_GCATT_LTR_B9	RLG_prem1_AC200105-6751	88.75	3439	324	23	5306	8697	4837	1415	0.0	4410
downstream6_GCATT_LTR_E9	RLG_prem1_AC200105-6751	88.77	3438	324	23	5306	8696	4837	1415	0.0	4412
downstream6_GCATT_LTR_F6	RLG_prem1_AC200105-6751	88.68	3437	330	21	5308	8699	4837	1415	0.0	4403
downstream7_GCTGT_LTR_B9	RLC_opie_AC202033-7274	92.65	7334	451	38	989	8263	7963	659	0.0	10704
downstream7_GCTGT_LTR_E9	RLC_opie_AC202033-7274	92.61	7335	453	39	1012	8287	7963	659	0.0	10689
downstream8_WATTC_unknown_B9	RLG_huck_AC203007-7610	98.66	1568	21	0	1	1568	11883	13450	0.0	2733
downstream8_WATTC_unknown_E9	RLG_huck_AC203007-7610	98.66	1568	21	0	1	1568	11883	13450	0.0	2733
downstream9_TAAAC_unknown_B9	RLG_xilon-diguus_AC185317-1058	85.96	947	87	11	8245	9185	10481	11387	0.0	1101
downstream9_TAAAC_unknown_E9	RLG_xilon-diguus_AC185317-1058	82.25	1690	193	18	7563	9191	9744	11387	0.0	1710
downstream9_TAAAC_unknown_F6	RLG_xilon-diguus_AC185317-1058	85.75	1684	191	14	7905	9579	9744	11387	0.0	1936
downstream9_TAAAC_unknown_G11	RLG_xilon-diguus_AC185317-1058	82.51	1687	191	18	7550	9175	9744	11387	0.0	1725
downstreamG11_ContigG11-E7-E9-B9_reversed:1	RLC_ji_AC193479-3665	91.98	1846	128	9	1029	2867	8215	6383	0.0	2639
gene2_TCACG_LTR_needswork_B1	RIL_leijoh_AC212369-0	65.08	3265	1080	45	506	3740	6098	2864	9e-171	600
gene2_TCACG_LTR_needswork_B2	RIL_leijoh_AC212369-0	65.09	3266	1080	46	505	3741	6098	2864	3e-170	598
gene2_TCACG_LTR_needswork_B9	RIL_leijoh_AC212369-0	65.04	3269	1079	48	505	3743	6098	2864	7e-166	583
gene2_TCACG_LTR_needswork_C4	RIL_leijoh_AC212369-0	65.04	3267	1081	47	505	3742	6098	2864	6e-167	587
gene2_TCACG_LTR_needswork_E9	RIL_leijoh_AC212369-0	65.04	3267	1080	48	505	3741	6098	2864	7e-166	583
gene2_TCACG_LTR_needswork_F6	RIL_leijoh_AC212369-0	66.29	448	149	2	2	448	3310	2864	1e-26	120
gene2_TCACG_LTR_needswork_G11	RIL_leijoh_AC212369-0	65.05	3265	1081	45	506	3740	6098	2864	1e-169	596
gene3_GTACGTGCAATGGT_LINE_B2	RIL_jikeuf_AC211152-0	98.99	892	6	1	1	889	5137	6028	0.0	1566
gene4_CTTGG_LTR_C4	RLC_ji_AC192600-3526	95.68	7701	307	11	1104	8795	8417	734	0.0	12361
gene5_CATAG_LTR_C4	RLX_tuteh_AC183372-584	87.22	790	79	15	971	1758	1356	2125	0.0	922
gene6_AAATGTACAGATGTCT_LINE_F6	RIL_ejoet_AC212216-0	65.78	675	205	11	140	801	4203	4864	5e-36	150
upstream1_unknown_TIRMutator_B10_firstKb	DTM_Zm01468_AC186160-1	76.64	518	88	9	486	1000	4764	4277	8e-105	378
upstream2_unknown_unknown_B1	DTA_ZM00172_consensus	96.09	690	19	1	3	684	2	691	0.0	1126
upstream2_unknown_unknown_G11	DTA_ZM00172_consensus	96.09	690	19	1	3	684	2	691	0.0	1126
upstream3_GTATG_SOLO_B2	RLC_ji_AC215728-13156	87.83	1241	106	12	1	1200	1	1237	0.0	1544
upstream3_GTATG_SOLO_B9	RLC_ji_AC215728-13156	87.67	1241	108	12	1	1200	1	1237	0.0	1535
upstream3_GTATG_SOLO_C4	RLC_ji_AC215728-13156	87.67	1241	108	12	1	1200	1	1237	0.0	1535
upstream3_GTATG_SOLO_E9	RLC_ji_AC215728-13156	87.59	1241	109	12	1	1200	1	1237	0.0	1532
upstream4_CCGGG_LTR_B1	RLC_opie_AC201793-7083	94.76	2672	121	4	1005	3670	5532	2874	0.0	4186
upstream5_ATAAT_LTR_trimmed_B2	RLG_huck_AC193313-3542	88.35	6960	642	44	7232	14081	12463	5563	0.0	8872
upstream5_ATAAT_LTR_trimmed_B9	RLG_huck_AC193313-3542	88.77	6963	612	43	7188	14042	12463	5563	0.0	8991
upstream5_ATAAT_LTR_trimmed_E9	RLG_huck_AC193313-3542	88.79	6961	611	43	7211	14062	12463	5563	0.0	8998
upstreamC4_downstreamF6_Contig_C4-F6:5	RLC_ji_AC202456-7443	91.80	2267	144	13	1030	3271	8258	6009	0.0	3229
upstreamE9_downstreamB9_ContigG11-E7-E9-B9_reversed:5	RLC_ji_AC202456-7443	91.88	2267	142	13	1030	3271	8258	6009	0.0	3238
upstreamG11_downstreamE9_ContigG11-E7-E9-B9_reversed:3	RLC_ji_AC202456-7443	91.84	2267	143	13	1008	3249	8258	6009	0.0	3234
