downstream10.5_unclear_unclear_B9	DTM_Zm06455_AC195585-1	75.45	110	27	0	1	110	2	111	4e-13	77.0
downstream10.5_unclear_unclear_E9	DTM_Zm06455_AC195585-1	75.45	110	27	0	1	110	2	111	4e-13	77.0
downstream10.5_unclear_unclear_G11	DTM_Zm06455_AC195585-1	75.45	110	27	0	1	110	2	111	4e-13	77.0
downstream12_GTTCC_solo_E9	RLC_bote_AC211535-11252	91.86	221	17	1	2033	2253	2438	2657	2e-85	315
downstream13_GAGCC_LTR_B9	RLC_dijap_AC211466-11198	66.29	442	144	2	5418	5856	6097	6536	9e-27	122
downstream14_GAACC_LTR_B9	RLC_giepum_AC197531-5634	68.68	779	238	4	2092	2867	6867	6092	8e-79	293
downstream14_GAACC_LTR_E9	RLC_dijap_AC211466-11198	72.94	170	44	1	3067	3236	6536	6369	3e-19	96.9
downstream14_GAACC_LTR_F6	RLC_dijap_AC211466-11198	72.94	170	44	1	3089	3258	6536	6369	3e-19	96.9
downstream14_GAACC_LTR_G11	RLC_dijap_AC211466-11198	72.94	170	44	1	3089	3258	6536	6369	3e-19	96.9
downstream1_BACend_LINE_B2	RIL_afeda_AC208414-0	67.73	440	130	9	1760	2193	4559	4126	1e-27	123
downstream2_TTTACCGATCTTCT_LINE_B10	RIL_afeda_AC208414-0	98.78	1477	16	2	1	1475	6304	4828	0.0	2576
downstream3_BACend_LINE_B10	RIL_afeda_AC208414-0	66.07	445	143	5	1716	2156	4566	4126	6e-23	107
downstream4_TIR_potentially_B1	DTM_Zm00364_AC196271-1	68.82	263	36	3	1731	1993	307	91	4e-30	132
downstream5_ACGTG_LTR_G11	RLC_dijap_AC211466-11198	66.74	451	141	3	3125	3570	6536	6090	1e-29	132
downstream6_GCATT_LTR_B9	DTC_ZM00028_consensus	71.79	273	69	8	1530	1798	4778	4510	4e-25	116
downstream6_GCATT_LTR_E9	DTC_ZM00028_consensus	71.69	272	70	7	8339	8606	4778	4510	1e-25	118
downstream6_GCATT_LTR_F6	DTC_ZM00028_consensus	71.06	273	71	8	1532	1800	4778	4510	2e-22	107
downstream7_GCTGT_LTR_B9	RLC_dijap_AC211466-11198	65.06	704	221	17	2820	3510	6788	6097	2e-22	107
downstream7_GCTGT_LTR_E9	RLC_dijap_AC211466-11198	65.06	704	221	17	2843	3533	6788	6097	2e-22	107
downstream8_WATTC_unknown_B9	RLG_huck_AC186577-1525	74.07	135	30	2	489	620	826	958	1e-15	82.4
downstream8_WATTC_unknown_E9	RLG_huck_AC186577-1525	74.07	135	30	2	489	620	826	958	1e-15	82.4
downstream9_TAAAC_unknown_B9	RLG_prem1_AC184142-802	72.67	172	40	6	8375	8543	7727	7894	1e-13	78.8
downstream9_TAAAC_unknown_E9	RLG_prem1_AC184142-802	72.09	172	41	6	8375	8543	7727	7894	4e-12	73.4
downstream9_TAAAC_unknown_F6	RLG_prem1_AC184142-802	72.67	172	40	6	8769	8937	7727	7894	1e-13	78.8
downstream9_TAAAC_unknown_G11	RLG_prem1_AC184142-802	72.67	172	40	6	8362	8530	7727	7894	1e-13	78.8
gene2_TCACG_LTR_needswork_B1	RIL_edaej_AC215611-0	65.07	438	151	2	1761	2197	4799	4363	3e-18	93.3
gene2_TCACG_LTR_needswork_B2	RIL_afeda_AC208414-0	63.70	686	237	9	1762	2441	4562	3883	5e-16	86.0
gene2_TCACG_LTR_needswork_B9	RIL_afeda_AC208414-0	71.90	153	33	4	514	661	5808	5661	3e-12	73.4
gene2_TCACG_LTR_needswork_C4	RIL_afeda_AC208414-0	71.24	153	34	4	514	661	5808	5661	4e-11	69.8
gene2_TCACG_LTR_needswork_E9	RIL_afeda_AC208414-0	63.70	686	237	9	1762	2441	4562	3883	5e-16	86.0
gene2_TCACG_LTR_needswork_F6	RIL_leijoh_AC212369-0	66.29	448	149	2	2	448	3310	2864	1e-26	120
gene2_TCACG_LTR_needswork_G11	RIL_afeda_AC208414-0	63.85	686	236	9	1761	2440	4562	3883	4e-17	89.7
gene3_GTACGTGCAATGGT_LINE_B2	RIL_afeda_AC208414-0	67.99	859	236	15	62	893	5458	6304	2e-74	277
gene4_CTTGG_LTR_C4	RLC_dijap_AC211466-11198	66.10	711	216	12	3014	3711	6788	6090	9e-40	165
gene5_CATAG_LTR_C4	RLX_tuteh_AC183372-584	74.26	272	33	11	1	247	1	260	7e-39	159
gene6_AAATGTACAGATGTCT_LINE_F6	RIL_afeda_AC208414-0	63.72	904	292	17	459	1344	4223	5108	6e-23	107
upstream1_unknown_TIRMutator_B10_firstKb	DTM_Zm01468_AC186160-1	73.05	167	45	0	75	241	4991	4825	1e-20	98.7
upstream2_unknown_unknown_B1	DTA_ZM00013_consensus	68.98	187	49	3	3	180	4012	3826	1e-12	71.6
upstream2_unknown_unknown_G11	DTA_ZM00013_consensus	68.98	187	49	3	3	180	4012	3826	1e-12	71.6
upstream3_GTATG_SOLO_B2	RLC_ji_AC182107-448	80.00	620	75	24	594	1200	727	1310	5e-140	495
upstream3_GTATG_SOLO_B9	RLC_ji_AC182107-448	79.84	620	76	24	594	1200	727	1310	6e-139	491
upstream3_GTATG_SOLO_C4	RLC_ji_AC182107-448	79.52	620	78	24	594	1200	727	1310	3e-136	482
upstream3_GTATG_SOLO_E9	RLC_ji_AC182107-448	79.68	620	77	24	594	1200	727	1310	7e-138	488
upstream4_CCGGG_LTR_B1	RLC_dijap_AC211466-11198	65.61	442	147	2	2463	2901	6536	6097	1e-22	107
upstream5_ATAAT_LTR_trimmed_B2	RLC_dijap_AC211466-11198	66.14	446	140	5	5730	6170	6536	6097	4e-23	111
upstream5_ATAAT_LTR_trimmed_B9	DTA_ZM00009_consensus	73.57	140	28	5	23617	23752	136	2	4e-11	71.6
upstream5_ATAAT_LTR_trimmed_E9	RLC_dijap_AC211466-11198	66.37	446	139	5	5710	6150	6536	6097	1e-24	116
