downstream12_GTTCC_solo_E9	RLC_bote_AC211535-11252	92.96	213	14	1	2041	2253	2446	2657	1e-83	 309
downstream13_GAGCC_LTR_B9	RLC_opie_AC202033-7274	93.66	7345	390	55	620	7934	662	7960	0.0	1.091e+04
downstream13_GAGCC_LTR_B9	RLC_opie_AC202033-7274	85.85	643	62	24	620	1243	8369	9001	0.0	 656
downstream13_GAGCC_LTR_B9	RLC_opie_AC202033-7274	85.74	645	62	25	8321	8945	662	1296	0.0	 654
downstream13_GAGCC_LTR_B9	RLC_opie_AC202033-7274	85.71	644	62	25	8321	8945	8369	9001	0.0	 652
downstream13_GAGCC_LTR_B9	RLC_opie_AC202033-7274	90.25	236	18	4	1	233	7727	7960	2e-81	 303
downstream13_GAGCC_LTR_B9	RLC_opie_AC202033-7274	89.83	236	19	4	1	233	1	234	8e-80	 298
downstream13_GAGCC_LTR_B9	RLC_opie_AC202033-7274	89.83	236	19	4	7702	7934	1	234	8e-80	 298
3p_upstreamC4_downstreamF6_Contig_C4-F6:5	RLC_ji_AC213834-12382	87.90	653	52	23	5	642	9105	8465	0.0	 745
3p_upstreamC4_downstreamF6_Contig_C4-F6:5	RLC_ji_AC213834-12382	86.85	639	58	23	1	625	1166	540	0.0	 693
3p_upstreamC4_downstreamF6_Contig_C4-F6:5	RLC_ji_AC213834-12382	91.26	206	12	5	1022	1225	8126	7925	5e-74	 276
3p_upstreamC4_downstreamF6_Contig_C4-F6:5	RLC_ji_AC213834-12382	90.78	206	13	5	1022	1225	205	4	2e-72	 270
3p_upstreamG11_downstreamE9_ContigG11-E7-E9-B9_reversed:3	RLC_ji_AC213834-12382	88.51	653	50	22	5	644	9105	8465	0.0	 767
3p_upstreamG11_downstreamE9_ContigG11-E7-E9-B9_reversed:3	RLC_ji_AC213834-12382	87.34	640	55	23	1	627	1166	540	0.0	 710
3p_upstreamG11_downstreamE9_ContigG11-E7-E9-B9_reversed:3	RLC_ji_AC213834-12382	92.23	206	10	5	1024	1227	8126	7925	2e-77	 287
3p_upstreamG11_downstreamE9_ContigG11-E7-E9-B9_reversed:3	RLC_ji_AC213834-12382	91.75	206	11	5	1024	1227	205	4	1e-75	 281
3p_upstreamE9_downstreamB9_ContigG11-E7-E9-B9_reversed:5	RLC_ji_AC213834-12382	88.67	653	49	22	5	644	9105	8465	0.0	 773
3p_upstreamE9_downstreamB9_ContigG11-E7-E9-B9_reversed:5	RLC_ji_AC213834-12382	87.50	640	54	23	1	627	1166	540	0.0	 715
3p_upstreamE9_downstreamB9_ContigG11-E7-E9-B9_reversed:5	RLC_ji_AC213834-12382	92.23	206	10	5	1024	1227	8126	7925	2e-77	 287
3p_upstreamE9_downstreamB9_ContigG11-E7-E9-B9_reversed:5	RLC_ji_AC213834-12382	91.75	206	11	5	1024	1227	205	4	1e-75	 281
upstreamE9_downstreamB9_ContigG11-E7-E9-B9_reversed:5	RLC_ji_AC193479-3665	92.24	2254	145	24	1029	3270	8215	5980	0.0	3166
upstreamE9_downstreamB9_ContigG11-E7-E9-B9_reversed:5	RLC_ji_AC193479-3665	85.43	1153	117	38	5248	6370	1768	637	0.0	1151
upstreamE9_downstreamB9_ContigG11-E7-E9-B9_reversed:5	RLC_ji_AC193479-3665	88.09	638	42	28	3	627	9285	8669	0.0	 726
upstreamE9_downstreamB9_ContigG11-E7-E9-B9_reversed:5	RLC_ji_AC193479-3665	87.97	640	43	28	5727	6353	9287	8669	0.0	 725
upstreamE9_downstreamB9_ContigG11-E7-E9-B9_reversed:5	RLC_ji_AC193479-3665	87.18	663	52	28	3	650	1275	631	0.0	 723
upstreamE9_downstreamB9_ContigG11-E7-E9-B9_reversed:5	RLC_ji_AC193479-3665	94.06	202	8	3	6754	6953	200	1	1e-81	 303
upstreamE9_downstreamB9_ContigG11-E7-E9-B9_reversed:5	RLC_ji_AC193479-3665	93.56	202	9	3	1029	1228	200	1	6e-80	 298
upstreamE9_downstreamB9_ContigG11-E7-E9-B9_reversed:5	RLC_ji_AC193479-3665	93.56	202	9	3	6754	6953	8215	8016	6e-80	 298
upstreamG11_downstreamE9_ContigG11-E7-E9-B9_reversed:3	RLC_ji_AC193479-3665	92.19	2254	146	24	1007	3248	8215	5980	0.0	3160
upstreamG11_downstreamE9_ContigG11-E7-E9-B9_reversed:3	RLC_ji_AC193479-3665	85.52	1153	119	36	5237	6362	1768	637	0.0	1160
upstreamG11_downstreamE9_ContigG11-E7-E9-B9_reversed:3	RLC_ji_AC193479-3665	87.93	638	43	28	3	627	9285	8669	0.0	 721
upstreamG11_downstreamE9_ContigG11-E7-E9-B9_reversed:3	RLC_ji_AC193479-3665	87.81	640	44	28	5719	6345	9287	8669	0.0	 719
upstreamG11_downstreamE9_ContigG11-E7-E9-B9_reversed:3	RLC_ji_AC193479-3665	86.91	657	53	28	3	644	1275	637	0.0	 706
upstreamG11_downstreamE9_ContigG11-E7-E9-B9_reversed:3	RLC_ji_AC193479-3665	94.06	202	8	3	6746	6945	200	1	1e-81	 303
upstreamG11_downstreamE9_ContigG11-E7-E9-B9_reversed:3	RLC_ji_AC193479-3665	93.56	202	9	3	6746	6945	8215	8016	6e-80	 298
upstreamG11_downstreamE9_ContigG11-E7-E9-B9_reversed:3	RLC_ji_AC193479-3665	93.07	202	10	3	1007	1206	200	1	3e-78	 292
upstreamC4_downstreamF6_Contig_C4-F6:5	RLC_ji_AC193479-3665	92.38	2231	144	21	1050	3270	8194	5980	0.0	3155
upstreamC4_downstreamF6_Contig_C4-F6:5	RLC_ji_AC193479-3665	85.17	1153	121	36	5278	6401	1768	637	0.0	1138
upstreamC4_downstreamF6_Contig_C4-F6:5	RLC_ji_AC193479-3665	87.97	640	43	28	1	627	9287	8669	0.0	 725
upstreamC4_downstreamF6_Contig_C4-F6:5	RLC_ji_AC193479-3665	87.07	665	53	28	1	650	1277	631	0.0	 721
upstreamC4_downstreamF6_Contig_C4-F6:5	RLC_ji_AC193479-3665	87.32	639	47	27	5760	6384	9287	8669	0.0	 702
upstreamC4_downstreamF6_Contig_C4-F6:5	RLC_ji_AC193479-3665	96.09	179	7	0	6806	6984	179	1	3e-78	 292
upstreamC4_downstreamF6_Contig_C4-F6:5	RLC_ji_AC193479-3665	95.53	179	8	0	1050	1228	179	1	1e-76	 287
upstreamC4_downstreamF6_Contig_C4-F6:5	RLC_ji_AC193479-3665	95.53	179	8	0	6806	6984	8194	8016	1e-76	 287
downstreamG11_ContigG11-E7-E9-B9_reversed:1	RLC_ji_AC193479-3665	92.17	1851	115	24	1029	2867	8215	6383	0.0	2588
downstreamG11_ContigG11-E7-E9-B9_reversed:1	RLC_ji_AC193479-3665	87.93	638	43	28	3	627	9285	8669	0.0	 721
downstreamG11_ContigG11-E7-E9-B9_reversed:1	RLC_ji_AC193479-3665	87.03	663	53	28	3	650	1275	631	0.0	 717
downstreamG11_ContigG11-E7-E9-B9_reversed:1	RLC_ji_AC193479-3665	93.07	202	10	3	1029	1228	200	1	1e-78	 292
downstream1_BACend_LINE_B2	RIL_loneok_AC193379-0	97.56	2995	60	7	1	2994	6087	3105	0.0	5114
downstream2_TTTACCGATCTTCT_LINE_B10	RIL_afeda_AC208414-0	98.78	1477	16	2	1	1475	6304	4828	0.0	2627
downstream3_BACend_LINE_B10	RLX_hiimam_AC207734-9687	92.15	1147	86	4	1	1147	1349	207	0.0	1616
downstream4_TIR_potentially_B1	RLG_gyma_AC190530-2365	87.93	464	30	15	4347	4808	2943	3382	9e-148	 523
downstream4_TIR_potentially_B1	RLG_gyma_AC190530-2365	87.93	464	30	15	4347	4808	10305	10744	9e-148	 523
downstream5_ACGTG_LTR_G11	RLC_ji_AC210731-10832	92.89	7669	470	56	9364	16995	732	8362	0.0	1.107e+04
downstream5_ACGTG_LTR_G11	RLC_ji_AC210731-10832	92.58	7333	480	46	1114	8413	8264	963	0.0	1.047e+04
downstream5_ACGTG_LTR_G11	RLC_ji_AC210731-10832	89.80	598	40	18	9364	9950	8876	9463	0.0	 747
downstream5_ACGTG_LTR_G11	RLC_ji_AC210731-10832	89.80	598	40	18	17520	18106	8876	9463	0.0	 747
downstream5_ACGTG_LTR_G11	RLC_ji_AC210731-10832	89.26	605	40	22	17520	18111	732	1324	0.0	 734
downstream5_ACGTG_LTR_G11	RLC_ji_AC210731-10832	88.89	360	27	10	1	351	9463	9108	2e-119	 431
downstream5_ACGTG_LTR_G11	RLC_ji_AC210731-10832	88.64	361	27	10	1	351	1319	963	2e-118	 427
downstream5_ACGTG_LTR_G11	RLC_ji_AC210731-10832	88.58	359	30	8	8063	8413	9463	9108	7e-118	 425
downstream5_ACGTG_LTR_G11	RLC_ji_AC210731-10832	93.61	219	14	0	8621	8839	1	219	2e-88	 327
downstream5_ACGTG_LTR_G11	RLC_ji_AC210731-10832	93.61	219	14	0	16777	16995	1	219	2e-88	 327
downstream5_ACGTG_LTR_G11	RLC_ji_AC210731-10832	93.61	219	14	0	8621	8839	8144	8362	2e-88	 327
downstream5_ACGTG_LTR_G11	RLC_ji_AC210731-10832	88.52	122	13	1	18667	18788	121	1	6e-34	 147
downstream5_ACGTG_LTR_G11	RLC_ji_AC210731-10832	88.52	122	13	1	1114	1235	121	1	6e-34	 147
downstream5_ACGTG_LTR_G11	RLC_ji_AC210731-10832	88.52	122	13	1	18667	18788	8264	8144	6e-34	 147
downstream6_GCATT_LTR_E9	RLG_prem1_AC200105-6751	89.15	3402	289	58	5306	8651	4837	1460	0.0	4165
downstream6_GCATT_LTR_E9	RLG_prem1_AC200105-6751	92.02	1855	119	24	6810	8651	10216	8378	0.0	2579
downstream6_GCATT_LTR_E9	RLG_prem1_AC200105-6751	91.59	1856	126	25	1	1843	3298	1460	0.0	2536
downstream6_GCATT_LTR_E9	RLG_prem1_AC200105-6751	91.59	1856	126	25	1	1843	10216	8378	0.0	2536
downstream6_GCATT_LTR_E9	RLG_prem1_AC200105-6751	83.69	2465	354	40	2856	5300	7395	4959	0.0	2281
downstream6_GCATT_LTR_E9	RLG_prem1_AC200105-6751	82.87	502	48	31	9664	10151	7395	6918	2e-115	 416
downstream6_GCATT_LTR_E9	RLG_prem1_AC200105-6751	82.87	502	47	30	9664	10151	477	1	8e-115	 414
downstream6_GCATT_LTR_F6	RLG_prem1_AC200105-6751	89.10	3403	290	62	5308	8654	4837	1460	0.0	4154
downstream6_GCATT_LTR_F6	RLG_prem1_AC200105-6751	91.76	1857	123	26	1	1845	3298	1460	0.0	2555
downstream6_GCATT_LTR_F6	RLG_prem1_AC200105-6751	91.76	1857	123	26	1	1845	10216	8378	0.0	2555
downstream6_GCATT_LTR_F6	RLG_prem1_AC200105-6751	91.69	1854	128	24	6812	8654	10216	8378	0.0	2547
downstream6_GCATT_LTR_F6	RLG_prem1_AC200105-6751	83.83	2467	347	44	2858	5302	7395	4959	0.0	2298
downstream6_GCATT_LTR_F6	RLG_prem1_AC200105-6751	83.07	502	47	31	9667	10154	7395	6918	5e-117	 422
downstream6_GCATT_LTR_F6	RLG_prem1_AC200105-6751	83.07	502	46	30	9667	10154	477	1	2e-116	 420
downstream6_GCATT_LTR_F6	RLG_prem1_AC200105-6751	82.47	502	47	31	2858	3343	477	1	6e-111	 401
downstream6_GCATT_LTR_B9	RLG_prem1_AC200105-6751	89.13	3403	289	59	5306	8652	4837	1460	0.0	4159
downstream6_GCATT_LTR_B9	RLG_prem1_AC200105-6751	91.97	1856	119	25	6810	8652	10216	8378	0.0	2575
downstream6_GCATT_LTR_B9	RLG_prem1_AC200105-6751	91.59	1856	126	25	1	1843	3298	1460	0.0	2536
downstream6_GCATT_LTR_B9	RLG_prem1_AC200105-6751	91.59	1856	126	25	1	1843	10216	8378	0.0	2536
downstream6_GCATT_LTR_B9	RLG_prem1_AC200105-6751	83.73	2465	353	40	2856	5300	7395	4959	0.0	2287
downstream6_GCATT_LTR_B9	RLG_prem1_AC200105-6751	82.87	502	48	31	9665	10152	7395	6918	2e-115	 416
downstream6_GCATT_LTR_B9	RLG_prem1_AC200105-6751	82.87	502	47	30	9665	10152	477	1	8e-115	 414
downstream7_GCTGT_LTR_E9	RLC_opie_AC202033-7274	92.79	7337	430	73	1012	8284	7963	662	0.0	1.053e+04
downstream7_GCTGT_LTR_E9	RLC_opie_AC202033-7274	85.25	644	64	26	7661	8284	9001	8369	0.0	 634
downstream7_GCTGT_LTR_E9	RLC_opie_AC202033-7274	85.14	646	64	23	1	625	1296	662	2e-180	 632
downstream7_GCTGT_LTR_E9	RLC_opie_AC202033-7274	85.12	645	64	23	1	625	9001	8369	7e-180	 630
downstream7_GCTGT_LTR_E9	RLC_opie_AC202033-7274	89.54	239	20	4	8668	8903	7963	7727	2e-80	 300
downstream7_GCTGT_LTR_E9	RLC_opie_AC202033-7274	89.54	239	20	4	1012	1247	237	1	8e-80	 298
downstream7_GCTGT_LTR_E9	RLC_opie_AC202033-7274	89.12	239	21	4	8668	8903	237	1	1e-78	 294
downstream7_GCTGT_LTR_B9	RLC_opie_AC202033-7274	92.83	7336	428	72	989	8260	7963	662	0.0	1.054e+04
downstream7_GCTGT_LTR_B9	RLC_opie_AC202033-7274	85.25	644	64	26	7637	8260	9001	8369	0.0	 634
downstream7_GCTGT_LTR_B9	RLC_opie_AC202033-7274	85.25	644	64	26	1	624	9001	8369	0.0	 634
downstream7_GCTGT_LTR_B9	RLC_opie_AC202033-7274	84.98	646	64	28	1	624	1296	662	3e-178	 625
downstream7_GCTGT_LTR_B9	RLC_opie_AC202033-7274	89.54	239	20	4	989	1224	237	1	8e-80	 298
downstream7_GCTGT_LTR_B9	RLC_opie_AC202033-7274	89.54	239	20	4	8659	8894	7963	7727	8e-80	 298
downstream7_GCTGT_LTR_B9	RLC_opie_AC202033-7274	89.12	239	21	4	8659	8894	237	1	3e-78	 292
downstream8_WATTC_unknown_E9	RLG_huck_AC203007-7610	98.66	1568	21	0	1	1568	11883	13450	0.0	2780
downstream8_WATTC_unknown_E9	RLG_huck_AC203007-7610	98.41	1570	25	0	1	1570	1	1570	0.0	2761
downstream8_WATTC_unknown_E9	RLG_huck_AC203007-7610	92.00	275	16	5	546	816	489	761	1e-105	 381
downstream8_WATTC_unknown_E9	RLG_huck_AC203007-7610	91.97	274	18	3	489	761	12428	12698	1e-105	 381
downstream8_WATTC_unknown_E9	RLG_huck_AC203007-7610	91.61	274	19	3	489	761	546	816	6e-104	 375
downstream8_WATTC_unknown_E9	RLG_huck_AC203007-7610	91.61	274	19	3	546	816	12371	12643	6e-104	 375
downstream8_WATTC_unknown_E9	RLG_huck_AC203007-7610	89.72	214	19	2	489	701	12485	12696	3e-72	 270
downstream8_WATTC_unknown_E9	RLG_huck_AC203007-7610	98.06	155	2	1	603	757	489	642	1e-71	 268
downstream8_WATTC_unknown_E9	RLG_huck_AC203007-7610	89.25	214	20	2	489	701	603	814	1e-70	 265
downstream8_WATTC_unknown_E9	RLG_huck_AC203007-7610	97.42	155	3	1	603	757	12371	12524	5e-70	 263
downstream8_WATTC_unknown_E9	RLG_huck_AC203007-7610	85.99	157	19	2	489	644	12542	12696	1e-40	 165
downstream8_WATTC_unknown_E9	RLG_huck_AC203007-7610	96.94	98	2	1	660	757	489	585	5e-40	 163
downstream8_WATTC_unknown_E9	RLG_huck_AC203007-7610	85.35	157	20	2	489	644	660	814	6e-39	 159
downstream8_WATTC_unknown_E9	RLG_huck_AC203007-7610	95.92	98	3	1	660	757	12371	12467	2e-38	 158
downstream8_WATTC_unknown_B9	RLG_huck_AC203007-7610	98.66	1568	21	0	1	1568	11883	13450	0.0	2780
downstream8_WATTC_unknown_B9	RLG_huck_AC203007-7610	98.41	1570	25	0	1	1570	1	1570	0.0	2761
downstream8_WATTC_unknown_B9	RLG_huck_AC203007-7610	92.00	275	16	5	546	816	489	761	1e-105	 381
downstream8_WATTC_unknown_B9	RLG_huck_AC203007-7610	91.97	274	18	3	489	761	12428	12698	1e-105	 381
downstream8_WATTC_unknown_B9	RLG_huck_AC203007-7610	91.61	274	19	3	489	761	546	816	6e-104	 375
downstream8_WATTC_unknown_B9	RLG_huck_AC203007-7610	91.61	274	19	3	546	816	12371	12643	6e-104	 375
downstream8_WATTC_unknown_B9	RLG_huck_AC203007-7610	89.72	214	19	2	489	701	12485	12696	3e-72	 270
downstream8_WATTC_unknown_B9	RLG_huck_AC203007-7610	98.06	155	2	1	603	757	489	642	1e-71	 268
downstream8_WATTC_unknown_B9	RLG_huck_AC203007-7610	89.25	214	20	2	489	701	603	814	1e-70	 265
downstream8_WATTC_unknown_B9	RLG_huck_AC203007-7610	97.42	155	3	1	603	757	12371	12524	5e-70	 263
downstream8_WATTC_unknown_B9	RLG_huck_AC203007-7610	85.99	157	19	2	489	644	12542	12696	1e-40	 165
downstream8_WATTC_unknown_B9	RLG_huck_AC203007-7610	96.94	98	2	1	660	757	489	585	5e-40	 163
downstream8_WATTC_unknown_B9	RLG_huck_AC203007-7610	85.35	157	20	2	489	644	660	814	6e-39	 159
downstream8_WATTC_unknown_B9	RLG_huck_AC203007-7610	95.92	98	3	1	660	757	12371	12467	2e-38	 158
downstream9_TAAAC_unknown_G11	RLG_gyma_AC190530-2365	91.91	1853	124	16	8123	9953	4200	6048	0.0	2567
downstream9_TAAAC_unknown_G11	RLG_gyma_AC190530-2365	85.77	1511	154	48	14005	15486	2641	4119	0.0	1543
downstream9_TAAAC_unknown_G11	RLG_gyma_AC190530-2365	85.77	1511	154	48	14005	15486	10003	11481	0.0	1543
downstream9_TAAAC_unknown_G11	RLG_gyma_AC190530-2365	82.34	1019	158	20	10889	11895	6713	7721	0.0	 865
downstream9_TAAAC_unknown_G11	RLG_gyma_AC190530-2365	83.67	900	106	32	7206	8081	3237	4119	0.0	 809
downstream9_TAAAC_unknown_G11	RLG_gyma_AC190530-2365	83.67	900	106	32	7206	8081	10599	11481	0.0	 809
downstream9_TAAAC_unknown_G11	RLG_gyma_AC190530-2365	85.71	679	85	10	10181	10854	6041	6712	0.0	 706
downstream9_TAAAC_unknown_G11	RLG_gyma_AC190530-2365	92.11	228	16	2	15528	15754	4200	4426	4e-86	 320
downstream9_TAAAC_unknown_G11	RLG_gyma_AC190530-2365	91.67	228	17	2	15528	15754	11562	11788	2e-84	 315
downstream9_TAAAC_unknown_G11	RLG_gyma_AC190530-2365	90.79	228	19	2	8123	8349	11562	11788	4e-81	 303
downstream9_TAAAC_unknown_E9	RLG_gyma_AC189750-2238	85.83	2160	271	26	9576	11722	5405	7542	0.0	2261
downstream9_TAAAC_unknown_E9	RLG_gyma_AC189750-2238	90.81	958	56	24	7657	8596	3481	4424	0.0	1253
downstream9_TAAAC_unknown_E9	RLG_gyma_AC189750-2238	86.82	956	119	7	8593	9544	4461	5413	0.0	1061
downstream9_TAAAC_unknown_E9	RLG_gyma_AC189750-2238	89.98	569	36	17	15033	15591	10690	11247	0.0	 715
downstream9_TAAAC_unknown_E9	RLG_gyma_AC189750-2238	89.95	567	36	17	15033	15589	3481	4036	0.0	 712
downstream9_TAAAC_unknown_E9	RLG_gyma_AC189750-2238	89.82	570	36	18	7657	8216	10690	11247	0.0	 712
downstream9_TAAAC_unknown_E9	RLG_gyma_AC189750-2238	97.57	329	8	0	7200	7528	3013	3341	2e-159	 564
downstream9_TAAAC_unknown_E9	RLG_gyma_AC189750-2238	97.57	329	8	0	7200	7528	10222	10550	2e-159	 564
downstream9_TAAAC_unknown_E9	RLG_gyma_AC189750-2238	96.96	329	10	0	14576	14904	3013	3341	9e-157	 555
downstream9_TAAAC_unknown_E9	RLG_gyma_AC189750-2238	96.96	329	10	0	14576	14904	10222	10550	9e-157	 555
downstream9_TAAAC_unknown_E9	RLG_gyma_AC189750-2238	81.10	344	50	11	11384	11722	1	334	2e-68	 261
downstream9_TAAAC_unknown_F6	RLG_xilon-diguus_AC185317-1058	85.52	1084	141	14	8064	9136	9747	10825	0.0	1118
downstream9_TAAAC_unknown_F6	RLG_xilon-diguus_AC185317-1058	85.33	1084	143	14	8064	9136	2597	3675	0.0	1107
downstream9_TAAAC_unknown_F6	RLG_xilon-diguus_AC185317-1058	95.93	492	18	2	9245	9735	10897	11387	0.0	 797
downstream9_TAAAC_unknown_F6	RLG_xilon-diguus_AC185317-1058	95.13	493	22	2	9244	9735	3742	4233	0.0	 776
downstream9_TAAAC_unknown_B9	RLG_gyma_AC189750-2238	85.89	2161	268	28	9573	11719	5405	7542	0.0	2266
downstream9_TAAAC_unknown_B9	RLG_gyma_AC189750-2238	90.71	958	57	24	7654	8593	3481	4424	0.0	1247
downstream9_TAAAC_unknown_B9	RLG_gyma_AC189750-2238	86.82	956	119	7	8590	9541	4461	5413	0.0	1061
downstream9_TAAAC_unknown_B9	RLG_gyma_AC189750-2238	89.98	569	36	17	15031	15589	10690	11247	0.0	 715
downstream9_TAAAC_unknown_B9	RLG_gyma_AC189750-2238	89.95	567	36	17	15031	15587	3481	4036	0.0	 712
downstream9_TAAAC_unknown_B9	RLG_gyma_AC189750-2238	89.82	570	36	18	7654	8213	10690	11247	0.0	 712
downstream9_TAAAC_unknown_B9	RLG_gyma_AC189750-2238	97.57	329	8	0	7197	7525	3013	3341	2e-159	 564
downstream9_TAAAC_unknown_B9	RLG_gyma_AC189750-2238	97.57	329	8	0	7197	7525	10222	10550	2e-159	 564
downstream9_TAAAC_unknown_B9	RLG_gyma_AC189750-2238	97.26	329	9	0	14574	14902	3013	3341	7e-158	 558
downstream9_TAAAC_unknown_B9	RLG_gyma_AC189750-2238	97.26	329	9	0	14574	14902	10222	10550	7e-158	 558
downstream9_TAAAC_unknown_B9	RLG_gyma_AC189750-2238	81.10	344	50	11	11381	11719	1	334	2e-68	 261
gene3_GTACGTGCAATGGT_LINE_B2	RIL_jikeuf_AC211152-0	98.99	892	6	3	1	889	5137	6028	0.0	1594
gene4_CTTGG_LTR_C4	RLC_ji_AC192600-3526	95.69	7702	304	20	1104	8795	8417	734	0.0	1.236e+04
gene4_CTTGG_LTR_C4	RLC_ji_AC192600-3526	98.81	590	4	2	1	589	9519	8932	0.0	1048
gene4_CTTGG_LTR_C4	RLC_ji_AC192600-3526	98.64	590	4	3	1	589	1320	734	0.0	1042
gene4_CTTGG_LTR_C4	RLC_ji_AC192600-3526	98.64	590	5	2	8207	8795	9519	8932	0.0	1042
gene4_CTTGG_LTR_C4	RLC_ji_AC192600-3526	98.17	219	4	0	1104	1322	219	1	2e-105	 383
gene4_CTTGG_LTR_C4	RLC_ji_AC192600-3526	97.72	219	5	0	9301	9519	219	1	1e-103	 377
gene4_CTTGG_LTR_C4	RLC_ji_AC192600-3526	97.72	219	5	0	9301	9519	8417	8199	1e-103	 377
gene5_CATAG_LTR_C4	RLX_tuteh_AC183372-584	87.61	791	74	19	971	1758	1356	2125	0.0	 896
gene5_CATAG_LTR_C4	RLX_tuteh_AC183372-584	84.12	170	11	12	1	167	1	157	4e-36	 150
gene5_CATAG_LTR_C4	RLX_tuteh_AC183372-584	86.55	119	5	7	1641	1758	1	109	3e-27	 121
gene5_CATAG_LTR_C4	RLX_tuteh_AC183372-584	84.87	119	9	5	1	118	2015	2125	2e-24	 111
upstream3_GTATG_SOLO_B9	RLC_ji_AC215728-13156	87.92	1242	103	24	1	1200	1	1237	0.0	1419
upstream3_GTATG_SOLO_B9	RLC_ji_AC215728-13156	87.92	1242	103	24	1	1200	8097	9333	0.0	1419
upstream3_GTATG_SOLO_E9	RLC_ji_AC215728-13156	87.84	1242	104	24	1	1200	1	1237	0.0	1415
upstream3_GTATG_SOLO_E9	RLC_ji_AC215728-13156	87.84	1242	104	24	1	1200	8097	9333	0.0	1415
upstream3_GTATG_SOLO_B2	RLC_ji_AC215728-13156	87.92	1242	103	19	1	1200	1	1237	0.0	1419
upstream3_GTATG_SOLO_B2	RLC_ji_AC215728-13156	87.92	1242	103	19	1	1200	8097	9333	0.0	1419
upstream3_GTATG_SOLO_C4	RLC_ji_AC215728-13156	87.76	1242	105	19	1	1200	1	1237	0.0	1410
upstream3_GTATG_SOLO_C4	RLC_ji_AC215728-13156	87.76	1242	105	19	1	1200	8097	9333	0.0	1410
upstream4_CCGGG_LTR_B1	RLC_opie_AC197691-5727	94.16	2669	145	8	1005	3666	6092	3428	0.0	4054
upstream4_CCGGG_LTR_B1	RLC_opie_AC197691-5727	92.13	699	47	7	4156	4850	1272	578	0.0	 979
upstream4_CCGGG_LTR_B1	RLC_opie_AC197691-5727	92.18	665	44	7	4190	4850	7730	7070	0.0	 933
upstream4_CCGGG_LTR_B1	RLC_opie_AC197691-5727	90.96	664	41	14	1	649	1238	579	0.0	 876
upstream4_CCGGG_LTR_B1	RLC_opie_AC197691-5727	90.81	664	42	10	1	649	7730	7071	0.0	 870
upstream5_ATAAT_LTR_B9	RLG_huck_AC191259-3001	97.01	5084	144	7	14043	19126	5076	1	0.0	8540
upstream5_ATAAT_LTR_B9	RLG_huck_AC191259-3001	96.33	2098	64	8	7995	10090	12828	10742	0.0	3435
upstream5_ATAAT_LTR_B9	RLG_huck_AC191259-3001	96.81	1631	45	6	17497	19126	13581	11957	0.0	2717
upstream5_ATAAT_LTR_B9	RLG_huck_AC191259-3001	97.01	1139	31	3	7188	8325	1625	489	0.0	1912
upstream5_ATAAT_LTR_B9	RLG_huck_AC191259-3001	96.49	1140	36	4	7188	8325	13581	12444	0.0	1881
upstream5_ATAAT_LTR_B9	RLG_huck_AC191259-3001	96.14	881	26	4	7995	8875	873	1	0.0	1432
upstream5_ATAAT_LTR_B9	RLG_huck_AC191259-3001	94.56	331	15	2	18305	18635	873	546	9e-143	 508
upstream5_ATAAT_LTR_B9	RLG_huck_AC191259-3001	93.35	331	19	2	18305	18635	12828	12501	4e-136	 486
upstream5_ATAAT_LTR_B9	RLG_huck_AC191259-3001	93.31	329	18	3	8055	8382	871	546	5e-135	 483
upstream5_ATAAT_LTR_B9	RLG_huck_AC191259-3001	92.10	329	22	3	8055	8382	12826	12501	2e-128	 460
upstream5_ATAAT_LTR_B9	RLG_huck_AC191259-3001	91.87	332	22	4	18250	18578	818	489	9e-128	 459
upstream5_ATAAT_LTR_B9	RLG_huck_AC191259-3001	91.27	332	24	4	7940	8268	818	489	2e-124	 448
upstream5_ATAAT_LTR_B9	RLG_huck_AC191259-3001	90.96	332	25	4	18250	18578	12773	12444	9e-123	 442
upstream5_ATAAT_LTR_B9	RLG_huck_AC191259-3001	90.36	332	27	4	7940	8268	12773	12444	2e-119	 431
upstream5_ATAAT_LTR_B9	RLG_huck_AC191259-3001	92.65	272	16	3	18365	18635	871	603	1e-106	 388
upstream5_ATAAT_LTR_B9	RLG_huck_AC191259-3001	91.18	272	20	3	18365	18635	12826	12558	5e-100	 366
upstream5_ATAAT_LTR_B9	RLG_huck_AC191259-3001	91.14	271	21	2	8113	8382	871	603	2e-99	 364
upstream5_ATAAT_LTR_B9	RLG_huck_AC191259-3001	89.71	272	24	3	18252	18521	758	489	3e-93	 344
upstream5_ATAAT_LTR_B9	RLG_huck_AC191259-3001	89.67	271	25	2	8113	8382	12826	12558	9e-93	 342
upstream5_ATAAT_LTR_B9	RLG_huck_AC191259-3001	88.97	272	26	3	7942	8211	758	489	6e-90	 333
upstream5_ATAAT_LTR_B9	RLG_huck_AC191259-3001	88.73	275	24	6	18251	18521	12715	12444	7e-89	 329
upstream5_ATAAT_LTR_B9	RLG_huck_AC191259-3001	93.93	214	9	4	7999	8211	12654	12444	4e-86	 320
upstream5_ATAAT_LTR_B9	RLG_huck_AC191259-3001	89.72	214	19	2	18423	18635	871	660	4e-71	 270
upstream5_ATAAT_LTR_B9	RLG_huck_AC191259-3001	89.25	214	20	2	8170	8382	871	660	2e-69	 265
upstream5_ATAAT_LTR_B9	RLG_huck_AC191259-3001	88.32	214	22	2	18423	18635	12826	12615	4e-66	 254
upstream5_ATAAT_LTR_B9	RLG_huck_AC191259-3001	87.85	214	23	2	8170	8382	12826	12615	2e-64	 248
upstream5_ATAAT_LTR_B9	RLG_huck_AC191259-3001	86.98	215	24	3	18252	18464	701	489	1e-61	 239
upstream5_ATAAT_LTR_B9	RLG_huck_AC191259-3001	86.51	215	25	3	7942	8154	701	489	6e-60	 233
upstream5_ATAAT_LTR_B9	RLG_huck_AC191259-3001	86.05	215	26	3	18252	18464	12656	12444	3e-58	 228
upstream5_ATAAT_LTR_B9	RLG_huck_AC191259-3001	92.95	156	9	2	7999	8154	12597	12444	1e-57	 226
upstream5_ATAAT_LTR_B9	RLG_huck_AC191259-3001	85.99	157	19	2	18480	18635	871	717	2e-39	 165
upstream5_ATAAT_LTR_B9	RLG_huck_AC191259-3001	85.35	157	20	2	8227	8382	871	717	1e-37	 159
upstream5_ATAAT_LTR_B9	RLG_huck_AC191259-3001	84.71	157	21	2	18480	18635	12826	12672	5e-36	 154
upstream5_ATAAT_LTR_B9	RLG_huck_AC191259-3001	84.08	157	22	2	8227	8382	12826	12672	2e-34	 148
upstream5_ATAAT_LTR_B9	RLG_huck_AC191259-3001	83.54	158	22	3	18252	18407	644	489	3e-33	 145
upstream5_ATAAT_LTR_B9	RLG_huck_AC191259-3001	82.91	158	23	3	7942	8097	644	489	1e-31	 139
upstream5_ATAAT_LTR_B9	RLG_huck_AC191259-3001	82.91	158	23	3	18252	18407	12599	12444	1e-31	 139
upstream5_ATAAT_LTR_B9	RLG_huck_AC191259-3001	91.92	99	6	2	7999	8097	12540	12444	5e-31	 137
upstream5_ATAAT_LTR_E9	RLG_huck_AC213042-12069	97.36	5145	129	6	14063	19203	5142	1	0.0	8741
upstream5_ATAAT_LTR_E9	RLG_huck_AC213042-12069	97.98	3266	58	7	7211	10471	11632	8370	0.0	5662
upstream5_ATAAT_LTR_E9	RLG_huck_AC213042-12069	97.81	1691	30	5	17517	19203	11632	9945	0.0	2911
upstream5_ATAAT_LTR_E9	RLG_huck_AC213042-12069	97.34	1692	36	8	7211	8897	1688	1	0.0	2867
upstream5_ATAAT_LTR_E9	RLG_huck_AC213042-12069	95.10	388	16	2	18325	18712	10880	10496	8e-173	 608
upstream5_ATAAT_LTR_E9	RLG_huck_AC213042-12069	94.85	388	17	2	8018	8405	10880	10496	4e-171	 603
upstream5_ATAAT_LTR_E9	RLG_huck_AC213042-12069	94.60	389	17	3	18325	18712	933	548	5e-170	 599
upstream5_ATAAT_LTR_E9	RLG_huck_AC213042-12069	94.34	389	18	3	8018	8405	933	548	2e-168	 593
upstream5_ATAAT_LTR_E9	RLG_huck_AC213042-12069	92.54	389	24	4	18270	18655	10825	10439	4e-156	 553
upstream5_ATAAT_LTR_E9	RLG_huck_AC213042-12069	92.29	389	25	4	7963	8348	10825	10439	2e-154	 547
upstream5_ATAAT_LTR_E9	RLG_huck_AC213042-12069	91.77	389	27	4	18270	18655	877	491	4e-151	 536
upstream5_ATAAT_LTR_E9	RLG_huck_AC213042-12069	91.52	389	28	4	7963	8348	877	491	2e-149	 531
upstream5_ATAAT_LTR_E9	RLG_huck_AC213042-12069	93.94	330	14	5	18385	18712	10878	10553	2e-138	 494
upstream5_ATAAT_LTR_E9	RLG_huck_AC213042-12069	93.66	331	14	6	18385	18712	931	605	1e-136	 488
upstream5_ATAAT_LTR_E9	RLG_huck_AC213042-12069	93.62	329	17	3	8078	8405	10878	10553	1e-136	 488
upstream5_ATAAT_LTR_E9	RLG_huck_AC213042-12069	93.33	330	17	4	8078	8405	931	605	5e-135	 483
upstream5_ATAAT_LTR_E9	RLG_huck_AC213042-12069	90.88	329	26	3	18272	18598	10765	10439	1e-121	 438
upstream5_ATAAT_LTR_E9	RLG_huck_AC213042-12069	90.58	329	27	3	7965	8291	10765	10439	5e-120	 433
upstream5_ATAAT_LTR_E9	RLG_huck_AC213042-12069	89.97	329	29	3	18272	18598	817	491	1e-116	 422
upstream5_ATAAT_LTR_E9	RLG_huck_AC213042-12069	89.67	329	30	3	7965	8291	817	491	5e-115	 416
upstream5_ATAAT_LTR_E9	RLG_huck_AC213042-12069	92.28	272	16	4	18443	18712	10878	10610	2e-104	 381
upstream5_ATAAT_LTR_E9	RLG_huck_AC213042-12069	91.94	273	16	5	18443	18712	931	662	2e-103	 377
upstream5_ATAAT_LTR_E9	RLG_huck_AC213042-12069	91.88	271	19	2	8136	8405	10878	10610	9e-103	 375
upstream5_ATAAT_LTR_E9	RLG_huck_AC213042-12069	91.54	272	19	3	8136	8405	931	662	1e-101	 372
upstream5_ATAAT_LTR_E9	RLG_huck_AC213042-12069	89.71	272	24	3	18272	18541	10708	10439	2e-93	 344
upstream5_ATAAT_LTR_E9	RLG_huck_AC213042-12069	89.34	272	25	3	7965	8234	10708	10439	1e-91	 339
upstream5_ATAAT_LTR_E9	RLG_huck_AC213042-12069	89.01	273	24	5	18272	18541	760	491	5e-90	 333
upstream5_ATAAT_LTR_E9	RLG_huck_AC213042-12069	88.64	273	25	5	7965	8234	760	491	3e-88	 327
upstream5_ATAAT_LTR_E9	RLG_huck_AC213042-12069	90.70	215	16	3	18500	18712	931	719	6e-75	 283
upstream5_ATAAT_LTR_E9	RLG_huck_AC213042-12069	90.65	214	17	2	18500	18712	10878	10667	2e-74	 281
upstream5_ATAAT_LTR_E9	RLG_huck_AC213042-12069	90.23	215	17	3	8193	8405	931	719	3e-73	 278
upstream5_ATAAT_LTR_E9	RLG_huck_AC213042-12069	90.19	214	18	2	8193	8405	10878	10667	9e-73	 276
upstream5_ATAAT_LTR_E9	RLG_huck_AC213042-12069	87.44	215	23	3	18272	18484	10651	10439	3e-63	 244
upstream5_ATAAT_LTR_E9	RLG_huck_AC213042-12069	86.98	215	24	3	7965	8177	10651	10439	1e-61	 239
upstream5_ATAAT_LTR_E9	RLG_huck_AC213042-12069	86.45	214	25	3	18273	18484	702	491	2e-59	 231
upstream5_ATAAT_LTR_E9	RLG_huck_AC213042-12069	92.95	156	9	2	8022	8177	644	491	9e-58	 226
upstream5_ATAAT_LTR_E9	RLG_huck_AC213042-12069	87.34	158	16	3	18557	18712	931	776	3e-43	 178
upstream5_ATAAT_LTR_E9	RLG_huck_AC213042-12069	87.26	157	17	2	18557	18712	10878	10724	1e-42	 176
upstream5_ATAAT_LTR_E9	RLG_huck_AC213042-12069	86.71	158	17	3	8250	8405	931	776	1e-41	 172
upstream5_ATAAT_LTR_E9	RLG_huck_AC213042-12069	86.62	157	18	2	8250	8405	10878	10724	4e-41	 171
upstream5_ATAAT_LTR_E9	RLG_huck_AC213042-12069	83.54	158	22	3	18272	18427	10594	10439	3e-33	 145
upstream5_ATAAT_LTR_E9	RLG_huck_AC213042-12069	82.28	158	24	3	18272	18427	646	491	6e-30	 134
upstream5_ATAAT_LTR_E9	RLG_huck_AC213042-12069	82.28	158	24	3	7965	8120	10594	10439	6e-30	 134
upstream5_ATAAT_LTR_E9	RLG_huck_AC213042-12069	81.01	158	26	3	7965	8120	646	491	1e-26	 122
upstream5_ATAAT_LTR_B2	RLG_huck_AC213042-12069	97.14	5146	138	8	14082	19222	5142	1	0.0	8698
upstream5_ATAAT_LTR_B2	RLG_huck_AC213042-12069	97.31	3267	75	10	7232	10489	11632	8370	0.0	5561
upstream5_ATAAT_LTR_B2	RLG_huck_AC213042-12069	97.58	1692	33	5	17535	19222	11632	9945	0.0	2898
upstream5_ATAAT_LTR_B2	RLG_huck_AC213042-12069	96.98	1691	43	7	7232	8917	1688	1	0.0	2848
upstream5_ATAAT_LTR_B2	RLG_huck_AC213042-12069	94.59	388	18	2	8040	8427	10880	10496	1e-170	 601
upstream5_ATAAT_LTR_B2	RLG_huck_AC213042-12069	94.33	388	19	2	18344	18731	10880	10496	2e-169	 597
upstream5_ATAAT_LTR_B2	RLG_huck_AC213042-12069	94.09	389	19	3	8040	8427	933	548	8e-168	 592
upstream5_ATAAT_LTR_B2	RLG_huck_AC213042-12069	93.83	389	20	3	18344	18731	933	548	1e-166	 588
upstream5_ATAAT_LTR_B2	RLG_huck_AC213042-12069	92.54	389	24	4	7985	8370	10825	10439	4e-156	 553
upstream5_ATAAT_LTR_B2	RLG_huck_AC213042-12069	91.77	389	27	4	18289	18674	10825	10439	8e-153	 542
upstream5_ATAAT_LTR_B2	RLG_huck_AC213042-12069	91.77	389	27	4	7985	8370	877	491	4e-151	 536
upstream5_ATAAT_LTR_B2	RLG_huck_AC213042-12069	91.00	389	30	4	18289	18674	877	491	8e-148	 525
upstream5_ATAAT_LTR_B2	RLG_huck_AC213042-12069	93.31	329	18	3	18404	18731	10878	10553	4e-136	 486
upstream5_ATAAT_LTR_B2	RLG_huck_AC213042-12069	93.03	330	18	4	18404	18731	931	605	2e-134	 481
upstream5_ATAAT_LTR_B2	RLG_huck_AC213042-12069	93.01	329	19	3	8100	8427	10878	10553	2e-134	 481
upstream5_ATAAT_LTR_B2	RLG_huck_AC213042-12069	92.73	330	19	4	8100	8427	931	605	8e-133	 475
upstream5_ATAAT_LTR_B2	RLG_huck_AC213042-12069	90.88	329	26	3	7987	8313	10765	10439	1e-121	 438
upstream5_ATAAT_LTR_B2	RLG_huck_AC213042-12069	89.97	329	29	3	18291	18617	10765	10439	2e-118	 427
upstream5_ATAAT_LTR_B2	RLG_huck_AC213042-12069	89.97	329	29	3	7987	8313	817	491	1e-116	 422
upstream5_ATAAT_LTR_B2	RLG_huck_AC213042-12069	89.06	329	32	3	18291	18617	817	491	2e-113	 411
upstream5_ATAAT_LTR_B2	RLG_huck_AC213042-12069	91.88	271	19	2	18462	18731	10878	10610	9e-103	 375
upstream5_ATAAT_LTR_B2	RLG_huck_AC213042-12069	91.54	272	19	3	18462	18731	931	662	1e-101	 372
upstream5_ATAAT_LTR_B2	RLG_huck_AC213042-12069	91.14	271	21	2	8158	8427	10878	10610	1e-100	 368
upstream5_ATAAT_LTR_B2	RLG_huck_AC213042-12069	90.81	272	21	3	8158	8427	931	662	2e-99	 364
upstream5_ATAAT_LTR_B2	RLG_huck_AC213042-12069	89.74	273	22	5	7987	8256	760	491	2e-93	 344
upstream5_ATAAT_LTR_B2	RLG_huck_AC213042-12069	89.71	272	24	3	7987	8256	10708	10439	2e-93	 344
upstream5_ATAAT_LTR_B2	RLG_huck_AC213042-12069	88.60	272	27	3	18291	18560	10708	10439	5e-90	 333
upstream5_ATAAT_LTR_B2	RLG_huck_AC213042-12069	87.91	273	27	5	18291	18560	760	491	1e-86	 322
upstream5_ATAAT_LTR_B2	RLG_huck_AC213042-12069	90.70	215	16	3	18519	18731	931	719	6e-75	 283
upstream5_ATAAT_LTR_B2	RLG_huck_AC213042-12069	90.65	214	17	2	18519	18731	10878	10667	2e-74	 281
upstream5_ATAAT_LTR_B2	RLG_huck_AC213042-12069	89.77	215	18	3	8215	8427	931	719	9e-73	 276
upstream5_ATAAT_LTR_B2	RLG_huck_AC213042-12069	89.72	214	19	2	8215	8427	10878	10667	3e-72	 274
upstream5_ATAAT_LTR_B2	RLG_huck_AC213042-12069	87.44	215	23	3	7987	8199	10651	10439	3e-63	 244
upstream5_ATAAT_LTR_B2	RLG_huck_AC213042-12069	86.05	215	26	3	18291	18503	10651	10439	6e-60	 233
upstream5_ATAAT_LTR_B2	RLG_huck_AC213042-12069	86.45	214	25	3	7988	8199	702	491	2e-59	 231
upstream5_ATAAT_LTR_B2	RLG_huck_AC213042-12069	85.05	214	28	3	18292	18503	702	491	4e-56	 220
upstream5_ATAAT_LTR_B2	RLG_huck_AC213042-12069	87.34	158	16	3	18576	18731	931	776	3e-43	 178
upstream5_ATAAT_LTR_B2	RLG_huck_AC213042-12069	87.26	157	17	2	18576	18731	10878	10724	1e-42	 176
upstream5_ATAAT_LTR_B2	RLG_huck_AC213042-12069	83.54	158	22	3	7987	8142	10594	10439	3e-33	 145
upstream5_ATAAT_LTR_B2	RLG_huck_AC213042-12069	84.11	151	21	2	18291	18439	10594	10445	1e-32	 143
upstream5_ATAAT_LTR_B2	RLG_huck_AC213042-12069	82.28	158	24	3	7987	8142	646	491	6e-30	 134
upstream5_ATAAT_LTR_B2	RLG_huck_AC213042-12069	82.78	151	23	2	18291	18439	646	497	2e-29	 132
upstream5_ATAAT_LTR_C4	RLC_opie_AC214122-12495	91.83	7344	506	69	13652	20948	7905	609	0.0	1.015e+04
upstream5_ATAAT_LTR_C4	RLC_opie_AC214122-12495	91.31	7363	523	71	3333	10638	7911	609	0.0	9943
upstream5_ATAAT_LTR_C4	RLC_opie_AC214122-12495	84.31	3301	420	76	34696	37940	3870	612	0.0	3136
upstream5_ATAAT_LTR_C4	RLC_opie_AC214122-12495	93.47	1975	128	1	32737	34711	6233	4260	0.0	2931
upstream5_ATAAT_LTR_C4	RLC_opie_AC214122-12495	90.84	1681	126	24	29821	31488	7893	6228	0.0	2226
upstream5_ATAAT_LTR_C4	RLC_opie_AC214122-12495	77.54	1398	285	26	22221	23600	5052	3666	0.0	 815
upstream5_ATAAT_LTR_C4	RLC_opie_AC214122-12495	79.16	1190	230	18	11430	12610	6858	5678	0.0	 808
upstream5_ATAAT_LTR_C4	RLC_opie_AC214122-12495	84.96	665	72	26	28736	29385	1263	612	0.0	 649
upstream5_ATAAT_LTR_C4	RLC_opie_AC214122-12495	85.33	661	54	29	9989	10626	8971	8331	0.0	 643
upstream5_ATAAT_LTR_C4	RLC_opie_AC214122-12495	85.53	636	52	28	2328	2940	1227	609	1e-178	 628
upstream5_ATAAT_LTR_C4	RLC_opie_AC214122-12495	84.27	655	74	27	28737	29376	8971	8331	1e-173	 612
upstream5_ATAAT_LTR_C4	RLC_opie_AC214122-12495	84.94	624	54	28	2328	2928	8937	8331	1e-168	 595
upstream5_ATAAT_LTR_C4	RLC_opie_AC214122-12495	82.60	678	77	35	12611	13271	1262	609	4e-158	 560
upstream5_ATAAT_LTR_C4	RLC_opie_AC214122-12495	82.11	665	79	34	12611	13259	8971	8331	8e-150	 532
upstream5_ATAAT_LTR_C4	RLC_opie_AC214122-12495	82.04	668	77	35	20285	20936	8971	8331	1e-148	 529
upstream5_ATAAT_LTR_C4	RLC_opie_AC214122-12495	81.01	674	88	36	31489	32145	1262	612	8e-140	 499
upstream5_ATAAT_LTR_C4	RLC_opie_AC214122-12495	80.69	663	94	31	37281	37931	8971	8331	2e-135	 484
upstream5_ATAAT_LTR_C4	RLC_opie_AC214122-12495	80.72	664	89	36	31489	32136	8971	8331	3e-134	 481
upstream5_ATAAT_LTR_C4	RLC_opie_AC214122-12495	94.44	198	11	0	21348	21545	198	1	2e-81	 305
upstream5_ATAAT_LTR_C4	RLC_opie_AC214122-12495	94.44	198	11	0	21348	21545	7905	7708	2e-81	 305
upstream5_ATAAT_LTR_C4	RLC_opie_AC214122-12495	85.33	300	34	9	1	296	1262	969	3e-80	 302
upstream5_ATAAT_LTR_C4	RLC_opie_AC214122-12495	92.65	204	15	0	11053	11256	204	1	4e-78	 294
upstream5_ATAAT_LTR_C4	RLC_opie_AC214122-12495	92.65	204	15	0	3333	3536	204	1	4e-78	 294
upstream5_ATAAT_LTR_C4	RLC_opie_AC214122-12495	92.65	204	15	0	11053	11256	7911	7708	4e-78	 294
upstream5_ATAAT_LTR_C4	RLC_opie_AC214122-12495	84.67	300	35	9	1	296	8971	8679	2e-76	 289
upstream5_ATAAT_LTR_C4	RLC_opie_AC214122-12495	87.55	241	26	4	28498	28736	7891	7653	2e-72	 276
upstream5_ATAAT_LTR_C4	RLC_opie_AC214122-12495	90.40	198	10	1	13652	13840	198	1	3e-65	 252
upstream5_ATAAT_LTR_C4	RLC_opie_AC214122-12495	85.34	191	20	6	29821	30008	186	1	6e-47	 191
upstream5_ATAAT_LTR_C4	RLC_opie_AC214122-12495	77.50	360	52	24	27641	27991	8670	8331	2e-46	 189
upstream5_ATAAT_LTR_C4	RLC_opie_AC214122-12495	84.95	186	24	4	38397	38580	184	1	3e-45	 185
upstream5_ATAAT_LTR_C4	RLC_opie_AC214122-12495	84.95	186	24	4	28498	28681	184	1	3e-45	 185
upstream5_ATAAT_LTR_C4	RLC_opie_AC214122-12495	84.95	186	24	4	38397	38580	7891	7708	3e-45	 185
upstream5_ATAAT_LTR_C4	RLC_opie_AC214122-12495	81.46	205	22	10	32561	32753	7893	7693	7e-36	 154
upstream5_ATAAT_LTR_C4	RLC_opie_AC214122-12495	82.54	189	18	9	32561	32737	186	1	3e-35	 152
