downstream10.5_unclear_unclear_G11	RLG_gyma_AC189750-2238	85.77	4611	516	53	2276	6827	3013	7542	0.0	5245
downstream10.5_unclear_unclear_G11	RLG_gyma_AC189750-2238	86.67	1043	95	21	2276	3291	10222	11247	0.0	1200
downstream10.5_unclear_unclear_G11	RLG_gyma_AC189750-2238	86.58	1043	96	21	9681	10696	10222	11247	0.0	1195
downstream10.5_unclear_unclear_G11	RLG_gyma_AC189750-2238	86.55	1041	96	21	9681	10694	3013	4036	0.0	1191
downstream10.5_unclear_unclear_G11	RLG_gyma_AC189750-2238	79.82	342	58	5	6489	6827	1	334	3e-78	293
downstream10.5_unclear_unclear_G11	RLG_gyma_AC189750-2238	75.00	340	54	12	9057	9387	2390	2707	1e-51	205
downstream10.5_unclear_unclear_G11	RLG_gyma_AC189750-2238	74.71	340	55	12	9057	9387	9599	9916	5e-50	199
downstream10.5_unclear_unclear_E9	RLG_gyma_AC189750-2238	85.14	4611	516	51	2275	6797	3013	7542	0.0	5151
downstream10.5_unclear_unclear_E9	RLG_gyma_AC189750-2238	86.59	1044	95	21	2275	3291	10222	11247	0.0	1200
downstream10.5_unclear_unclear_E9	RLG_gyma_AC189750-2238	86.39	1043	98	21	9651	10666	10222	11247	0.0	1187
downstream10.5_unclear_unclear_E9	RLG_gyma_AC189750-2238	86.36	1041	98	21	9651	10664	3013	4036	0.0	1184
downstream10.5_unclear_unclear_E9	RLG_gyma_AC189750-2238	79.82	342	58	5	6459	6797	1	334	3e-78	293
downstream10.5_unclear_unclear_E9	RLG_gyma_AC189750-2238	74.71	340	55	12	9027	9357	2390	2707	5e-50	199
downstream10.5_unclear_unclear_E9	RLG_gyma_AC189750-2238	74.41	340	56	12	9027	9357	9599	9916	6e-49	196
downstream10.5_unclear_unclear_B9	RLG_gyma_AC189750-2238	85.12	4611	517	51	2275	6797	3013	7542	0.0	5146
downstream10.5_unclear_unclear_B9	RLG_gyma_AC189750-2238	86.59	1044	95	21	2275	3291	10222	11247	0.0	1198
downstream10.5_unclear_unclear_B9	RLG_gyma_AC189750-2238	86.58	1043	96	21	9652	10667	10222	11247	0.0	1195
downstream10.5_unclear_unclear_B9	RLG_gyma_AC189750-2238	86.55	1041	96	21	9652	10665	3013	4036	0.0	1191
downstream10.5_unclear_unclear_B9	RLG_gyma_AC189750-2238	79.82	342	58	5	6459	6797	1	334	3e-78	293
downstream10.5_unclear_unclear_B9	RLG_gyma_AC189750-2238	74.41	340	56	12	9028	9358	2390	2707	6e-49	196
downstream10.5_unclear_unclear_B9	RLG_gyma_AC189750-2238	74.12	340	57	12	9028	9358	9599	9916	3e-47	190
downstream12_GTTCC_solo_E9	RLC_bote_AC211535-11252	91.86	221	17	1	2033	2253	2438	2657	2e-85	315
downstream13_GAGCC_LTR_B9	RLC_opie_AC202033-7274	93.50	7353	404	27	614	7937	656	7963	0.0	11050
downstream13_GAGCC_LTR_B9	RLC_opie_AC202033-7274	84.72	648	72	12	614	1243	8363	9001	0.0	693
downstream13_GAGCC_LTR_B9	RLC_opie_AC202033-7274	84.62	650	72	13	8315	8945	656	1296	0.0	688
downstream13_GAGCC_LTR_B9	RLC_opie_AC202033-7274	84.59	649	72	13	8315	8945	8363	9001	0.0	686
downstream13_GAGCC_LTR_B9	RLC_opie_AC202033-7274	89.96	239	19	3	1	236	7727	7963	7e-85	315
downstream13_GAGCC_LTR_B9	RLC_opie_AC202033-7274	89.54	239	20	3	1	236	1	237	3e-83	309
downstream13_GAGCC_LTR_B9	RLC_opie_AC202033-7274	89.54	239	20	3	7702	7937	1	237	3e-83	309
downstream14_GAACC_LTR_G11	RLC_ji_AC202456-7443	91.88	2267	142	13	1030	3271	8258	6009	0.0	3238
downstream14_GAACC_LTR_G11	RLC_ji_AC202456-7443	82.82	1164	144	17	5245	6370	1805	660	0.0	1171
downstream14_GAACC_LTR_G11	RLC_ji_AC202456-7443	85.98	656	70	12	3	650	1295	654	0.0	735
downstream14_GAACC_LTR_G11	RLC_ji_AC202456-7443	85.02	634	72	14	5727	6353	9309	8692	0.0	673
downstream14_GAACC_LTR_G11	RLC_ji_AC202456-7443	85.13	632	71	14	3	627	9307	8692	0.0	673
downstream14_GAACC_LTR_G11	RLC_ji_AC202456-7443	91.50	200	15	2	6755	6953	8258	8060	1e-73	277
downstream14_GAACC_LTR_G11	RLC_ji_AC202456-7443	90.50	200	16	3	6754	6951	201	3	9e-70	264
downstream14_GAACC_LTR_G11	RLC_ji_AC202456-7443	90.00	200	17	3	1029	1226	201	3	1e-68	260
downstream14_GAACC_LTR_E9	RLC_ji_AC202456-7443	91.84	2267	143	13	1008	3249	8258	6009	0.0	3234
downstream14_GAACC_LTR_E9	RLC_ji_AC202456-7443	82.90	1164	146	16	5234	6362	1805	660	0.0	1178
downstream14_GAACC_LTR_E9	RLC_ji_AC202456-7443	85.69	650	71	12	3	644	1295	660	0.0	719
downstream14_GAACC_LTR_E9	RLC_ji_AC202456-7443	84.97	632	72	14	3	627	9307	8692	0.0	670
downstream14_GAACC_LTR_E9	RLC_ji_AC202456-7443	84.86	634	73	14	5719	6345	9309	8692	0.0	668
downstream14_GAACC_LTR_E9	RLC_ji_AC202456-7443	91.50	200	15	2	6747	6945	8258	8060	1e-73	277
downstream14_GAACC_LTR_E9	RLC_ji_AC202456-7443	90.50	200	16	3	6746	6943	201	3	9e-70	264
downstream14_GAACC_LTR_E9	RLC_ji_AC202456-7443	89.50	200	18	3	1007	1204	201	3	5e-67	255
downstream14_GAACC_LTR_F6	RLC_ji_AC202456-7443	91.80	2267	144	13	1030	3271	8258	6009	0.0	3229
downstream14_GAACC_LTR_F6	RLC_ji_AC202456-7443	82.55	1163	150	16	5275	6401	1805	660	0.0	1159
downstream14_GAACC_LTR_F6	RLC_ji_AC202456-7443	86.02	658	70	12	1	650	1297	654	0.0	738
downstream14_GAACC_LTR_F6	RLC_ji_AC202456-7443	85.02	634	72	14	1	627	9309	8692	0.0	673
downstream14_GAACC_LTR_F6	RLC_ji_AC202456-7443	84.36	633	76	14	5760	6384	9309	8692	0.0	654
downstream14_GAACC_LTR_F6	RLC_ji_AC202456-7443	90.50	200	17	2	6786	6984	8258	8060	8e-71	268
downstream14_GAACC_LTR_F6	RLC_ji_AC202456-7443	89.50	200	18	3	6785	6982	201	3	5e-67	255
downstream14_GAACC_LTR_F6	RLC_ji_AC202456-7443	89.00	200	19	3	1029	1226	201	3	6e-66	251
downstream14_GAACC_LTR_B9	RLC_ji_AC193479-3665	91.98	1846	128	9	1029	2867	8215	6383	0.0	2639
downstream14_GAACC_LTR_B9	RLC_ji_AC193479-3665	86.52	660	62	18	3	650	1275	631	0.0	733
downstream14_GAACC_LTR_B9	RLC_ji_AC193479-3665	87.22	634	55	17	3	627	9285	8669	0.0	726
downstream14_GAACC_LTR_B9	RLC_ji_AC193479-3665	93.00	200	14	0	1029	1228	200	1	2e-80	298
downstream1_BACend_LINE_B2	RIL_loneok_AC193379-0	97.56	2995	60	4	1	2994	6087	3105	0.0	5066
downstream2_TTTACCGATCTTCT_LINE_B10	RIL_afeda_AC208414-0	98.78	1477	16	2	1	1475	6304	4828	0.0	2576
downstream3_BACend_LINE_B10	RLX_hiimam_AC207734-9687	91.99	1148	86	2	1	1147	1349	207	0.0	1653
downstream4_TIR_potentially_B1	RLG_gyma_AC212146-11616	75.88	1132	189	31	3710	4802	2924	4010	0.0	747
downstream4_TIR_potentially_B1	RLG_gyma_AC212146-11616	75.62	1132	192	30	3710	4802	9957	11043	0.0	738
downstream5_ACGTG_LTR_G11	RLC_ji_AC215728-13156	93.13	8689	495	22	1	8620	9333	678	0.0	12971
downstream5_ACGTG_LTR_G11	RLC_ji_AC215728-13156	92.48	7624	443	26	9368	16897	630	8217	0.0	11165
downstream5_ACGTG_LTR_G11	RLC_ji_AC215728-13156	93.14	1239	79	5	1	1235	1237	1	0.0	1835
downstream5_ACGTG_LTR_G11	RLC_ji_AC215728-13156	91.95	683	53	2	18107	18788	682	1	0.0	976
downstream5_ACGTG_LTR_G11	RLC_ji_AC215728-13156	91.65	683	55	2	18107	18788	8778	8097	0.0	967
downstream5_ACGTG_LTR_G11	RLC_ji_AC215728-13156	95.19	561	23	3	8063	8620	9333	8774	0.0	881
downstream5_ACGTG_LTR_G11	RLC_ji_AC215728-13156	84.03	620	60	15	17524	18111	630	1242	0.0	639
downstream5_ACGTG_LTR_G11	RLC_ji_AC215728-13156	84.07	615	59	15	9368	9950	8726	9333	0.0	636
downstream5_ACGTG_LTR_G11	RLC_ji_AC215728-13156	84.07	615	59	15	17524	18106	8726	9333	0.0	636
downstream5_ACGTG_LTR_G11	RLC_ji_AC215728-13156	88.43	121	14	0	8621	8741	1	121	9e-37	156
downstream5_ACGTG_LTR_G11	RLC_ji_AC215728-13156	88.43	121	14	0	16777	16897	1	121	9e-37	156
downstream5_ACGTG_LTR_G11	RLC_ji_AC215728-13156	87.60	121	15	0	8621	8741	8097	8217	4e-35	150
downstream6_GCATT_LTR_E9	RLG_prem1_AC200105-6751	88.77	3438	324	23	5306	8696	4837	1415	0.0	4412
downstream6_GCATT_LTR_E9	RLG_prem1_AC200105-6751	91.29	1894	148	13	6810	8696	10216	8333	0.0	2628
downstream6_GCATT_LTR_E9	RLG_prem1_AC200105-6751	90.82	1895	156	13	1	1888	10216	8333	0.0	2590
downstream6_GCATT_LTR_E9	RLG_prem1_AC200105-6751	90.77	1895	157	13	1	1888	3298	1415	0.0	2587
downstream6_GCATT_LTR_E9	RLG_prem1_AC200105-6751	83.19	2469	375	20	2856	5308	7395	4951	0.0	2527
downstream6_GCATT_LTR_E9	RLG_prem1_AC200105-6751	81.64	501	55	17	9664	10151	477	1	2e-124	446
downstream6_GCATT_LTR_E9	RLG_prem1_AC200105-6751	81.44	501	57	17	9664	10151	7395	6918	8e-123	441
downstream6_GCATT_LTR_E9	RLG_prem1_AC200105-6751	80.84	501	57	18	2856	3341	477	1	6e-118	425
downstream6_GCATT_LTR_F6	RLG_prem1_AC200105-6751	88.68	3437	330	21	5308	8699	4837	1415	0.0	4403
downstream6_GCATT_LTR_F6	RLG_prem1_AC200105-6751	90.92	1895	156	11	1	1890	10216	8333	0.0	2607
downstream6_GCATT_LTR_F6	RLG_prem1_AC200105-6751	90.87	1895	157	11	1	1890	3298	1415	0.0	2603
downstream6_GCATT_LTR_F6	RLG_prem1_AC200105-6751	90.91	1893	158	11	6812	8699	10216	8333	0.0	2601
downstream6_GCATT_LTR_F6	RLG_prem1_AC200105-6751	83.31	2469	372	20	2858	5310	7395	4951	0.0	2542
downstream6_GCATT_LTR_F6	RLG_prem1_AC200105-6751	81.84	501	54	17	9667	10154	477	1	2e-125	450
downstream6_GCATT_LTR_F6	RLG_prem1_AC200105-6751	81.64	501	56	17	9667	10154	7395	6918	7e-124	444
downstream6_GCATT_LTR_F6	RLG_prem1_AC200105-6751	81.24	501	55	18	2858	3343	477	1	1e-120	434
downstream6_GCATT_LTR_B9	RLG_prem1_AC200105-6751	88.75	3439	324	23	5306	8697	4837	1415	0.0	4410
downstream6_GCATT_LTR_B9	RLG_prem1_AC200105-6751	91.24	1895	148	13	6810	8697	10216	8333	0.0	2626
downstream6_GCATT_LTR_B9	RLG_prem1_AC200105-6751	90.82	1895	156	13	1	1888	10216	8333	0.0	2590
downstream6_GCATT_LTR_B9	RLG_prem1_AC200105-6751	90.77	1895	157	13	1	1888	3298	1415	0.0	2587
downstream6_GCATT_LTR_B9	RLG_prem1_AC200105-6751	83.23	2469	374	20	2856	5308	7395	4951	0.0	2533
downstream6_GCATT_LTR_B9	RLG_prem1_AC200105-6751	81.64	501	55	17	9665	10152	477	1	2e-124	446
downstream6_GCATT_LTR_B9	RLG_prem1_AC200105-6751	81.44	501	57	17	9665	10152	7395	6918	8e-123	441
downstream6_GCATT_LTR_B9	RLG_prem1_AC200105-6751	80.84	501	57	18	2856	3341	477	1	6e-118	425
downstream7_GCTGT_LTR_E9	RLC_opie_AC202033-7274	92.61	7335	453	39	1012	8287	7963	659	0.0	10689
downstream7_GCTGT_LTR_E9	RLC_opie_AC202033-7274	84.39	647	73	13	1	628	1296	659	0.0	679
downstream7_GCTGT_LTR_E9	RLC_opie_AC202033-7274	84.34	645	74	12	7661	8287	9001	8366	0.0	679
downstream7_GCTGT_LTR_E9	RLC_opie_AC202033-7274	84.37	646	73	13	1	628	9001	8366	0.0	677
downstream7_GCTGT_LTR_E9	RLC_opie_AC202033-7274	89.54	239	20	3	8668	8903	7963	7727	9e-84	311
downstream7_GCTGT_LTR_E9	RLC_opie_AC202033-7274	89.54	239	20	3	1012	1247	237	1	3e-83	309
downstream7_GCTGT_LTR_E9	RLC_opie_AC202033-7274	89.12	239	21	3	8668	8903	237	1	1e-82	307
downstream7_GCTGT_LTR_B9	RLC_opie_AC202033-7274	92.65	7334	451	38	989	8263	7963	659	0.0	10704
downstream7_GCTGT_LTR_B9	RLC_opie_AC202033-7274	84.34	645	74	12	7637	8263	9001	8366	0.0	679
downstream7_GCTGT_LTR_B9	RLC_opie_AC202033-7274	84.34	645	74	12	1	627	9001	8366	0.0	679
downstream7_GCTGT_LTR_B9	RLC_opie_AC202033-7274	84.08	647	74	14	1	627	1296	659	0.0	666
downstream7_GCTGT_LTR_B9	RLC_opie_AC202033-7274	89.54	239	20	3	989	1224	237	1	3e-83	309
downstream7_GCTGT_LTR_B9	RLC_opie_AC202033-7274	89.54	239	20	3	8659	8894	7963	7727	3e-83	309
downstream7_GCTGT_LTR_B9	RLC_opie_AC202033-7274	89.12	239	21	3	8659	8894	237	1	4e-82	306
downstream8_WATTC_unknown_E9	RLG_huck_AC203007-7610	98.66	1568	21	0	1	1568	11883	13450	0.0	2733
downstream8_WATTC_unknown_E9	RLG_huck_AC203007-7610	98.41	1570	25	0	1	1570	1	1570	0.0	2718
downstream8_WATTC_unknown_E9	RLG_huck_AC203007-7610	89.72	214	19	2	489	701	12485	12696	3e-75	280
downstream8_WATTC_unknown_E9	RLG_huck_AC203007-7610	89.25	214	20	2	603	814	489	701	3e-74	277
downstream8_WATTC_unknown_E9	RLG_huck_AC203007-7610	89.25	214	20	2	489	701	603	814	3e-74	277
downstream8_WATTC_unknown_E9	RLG_huck_AC203007-7610	88.79	214	21	2	603	814	12371	12583	1e-72	271
downstream8_WATTC_unknown_E9	RLG_huck_AC203007-7610	85.99	157	19	2	489	644	12542	12696	2e-44	178
downstream8_WATTC_unknown_E9	RLG_huck_AC203007-7610	85.35	157	20	2	660	814	489	644	3e-43	174
downstream8_WATTC_unknown_E9	RLG_huck_AC203007-7610	85.35	157	20	2	489	644	660	814	3e-43	174
downstream8_WATTC_unknown_E9	RLG_huck_AC203007-7610	84.71	157	21	2	660	814	12371	12526	1e-41	168
downstream8_WATTC_unknown_B9	RLG_huck_AC203007-7610	98.66	1568	21	0	1	1568	11883	13450	0.0	2733
downstream8_WATTC_unknown_B9	RLG_huck_AC203007-7610	98.41	1570	25	0	1	1570	1	1570	0.0	2718
downstream8_WATTC_unknown_B9	RLG_huck_AC203007-7610	89.72	214	19	2	489	701	12485	12696	3e-75	280
downstream8_WATTC_unknown_B9	RLG_huck_AC203007-7610	89.25	214	20	2	603	814	489	701	3e-74	277
downstream8_WATTC_unknown_B9	RLG_huck_AC203007-7610	89.25	214	20	2	489	701	603	814	3e-74	277
downstream8_WATTC_unknown_B9	RLG_huck_AC203007-7610	88.79	214	21	2	603	814	12371	12583	1e-72	271
downstream8_WATTC_unknown_B9	RLG_huck_AC203007-7610	85.99	157	19	2	489	644	12542	12696	2e-44	178
downstream8_WATTC_unknown_B9	RLG_huck_AC203007-7610	85.35	157	20	2	660	814	489	644	3e-43	174
downstream8_WATTC_unknown_B9	RLG_huck_AC203007-7610	85.35	157	20	2	489	644	660	814	3e-43	174
downstream8_WATTC_unknown_B9	RLG_huck_AC203007-7610	84.71	157	21	2	660	814	12371	12526	1e-41	168
downstream9_TAAAC_unknown_G11	RLG_xilon-diguus_AC185317-1058	82.51	1687	191	18	7550	9175	9744	11387	0.0	1725
downstream9_TAAAC_unknown_G11	RLG_xilon-diguus_AC185317-1058	82.04	1687	195	18	7550	9175	2594	4233	0.0	1692
downstream9_TAAAC_unknown_E9	RLG_xilon-diguus_AC185317-1058	82.25	1690	193	18	7563	9191	9744	11387	0.0	1710
downstream9_TAAAC_unknown_E9	RLG_xilon-diguus_AC185317-1058	81.78	1690	197	18	7563	9191	2594	4233	0.0	1678
downstream9_TAAAC_unknown_B9	RLG_xilon-diguus_AC185317-1058	85.96	947	87	11	8245	9185	10481	11387	0.0	1101
downstream9_TAAAC_unknown_B9	RLG_xilon-diguus_AC185317-1058	85.22	947	90	11	8245	9185	3331	4233	0.0	1072
downstream9_TAAAC_unknown_B9	RLG_xilon-diguus_AC185317-1058	84.81	665	98	3	7563	8224	9744	10408	0.0	733
downstream9_TAAAC_unknown_B9	RLG_xilon-diguus_AC185317-1058	84.66	665	99	3	7563	8224	2594	3258	0.0	729
downstream9_TAAAC_unknown_F6	RLG_xilon-diguus_AC185317-1058	85.75	1684	191	14	7905	9579	9744	11387	0.0	1936
downstream9_TAAAC_unknown_F6	RLG_xilon-diguus_AC185317-1058	85.27	1684	195	14	7905	9579	2594	4233	0.0	1903
gene2_TCACG_LTR_needswork_C4	RIL_leijoh_AC212369-0	65.04	3267	1081	47	505	3742	6098	2864	6e-167	587
gene2_TCACG_LTR_needswork_F6	RIL_leijoh_AC212369-0	66.29	448	149	2	2	448	3310	2864	1e-26	120
gene2_TCACG_LTR_needswork_B2	RIL_leijoh_AC212369-0	65.09	3266	1080	46	505	3741	6098	2864	3e-170	598
gene2_TCACG_LTR_needswork_G11	RIL_leijoh_AC212369-0	65.05	3265	1081	45	506	3740	6098	2864	1e-169	596
gene2_TCACG_LTR_needswork_E9	RIL_leijoh_AC212369-0	65.04	3267	1080	48	505	3741	6098	2864	7e-166	583
gene2_TCACG_LTR_needswork_B9	RIL_leijoh_AC212369-0	65.04	3269	1079	48	505	3743	6098	2864	7e-166	583
gene2_TCACG_LTR_needswork_B1	RIL_leijoh_AC212369-0	65.08	3265	1080	45	506	3740	6098	2864	9e-171	600
gene3_GTACGTGCAATGGT_LINE_B2	RIL_jikeuf_AC211152-0	98.99	892	6	1	1	889	5137	6028	0.0	1566
gene4_CTTGG_LTR_C4	RLC_ji_AC192600-3526	95.68	7701	307	11	1104	8795	8417	734	0.0	12361
gene4_CTTGG_LTR_C4	RLC_ji_AC192600-3526	98.81	589	6	1	1	589	9519	8932	0.0	1027
gene4_CTTGG_LTR_C4	RLC_ji_AC192600-3526	98.64	589	7	1	8207	8795	9519	8932	0.0	1023
gene4_CTTGG_LTR_C4	RLC_ji_AC192600-3526	98.64	589	6	2	1	589	1320	734	0.0	1020
gene4_CTTGG_LTR_C4	RLC_ji_AC192600-3526	98.17	219	4	0	1104	1322	219	1	8e-104	378
gene4_CTTGG_LTR_C4	RLC_ji_AC192600-3526	97.72	219	5	0	9301	9519	219	1	3e-102	372
gene4_CTTGG_LTR_C4	RLC_ji_AC192600-3526	97.72	219	5	0	9301	9519	8417	8199	3e-102	372
gene5_CATAG_LTR_C4	RLX_tuteh_AC183372-584	87.22	790	79	15	971	1758	1356	2125	0.0	922
gene5_CATAG_LTR_C4	RLX_tuteh_AC183372-584	74.26	272	33	11	1	247	1	260	7e-39	159
gene5_CATAG_LTR_C4	RLX_tuteh_AC183372-584	83.90	118	10	3	1641	1758	1	109	2e-27	122
gene5_CATAG_LTR_C4	RLX_tuteh_AC183372-584	83.05	118	13	2	1	118	2015	2125	6e-27	120
gene6_AAATGTACAGATGTCT_LINE_F6	RIL_ejoet_AC212216-0	65.78	675	205	11	140	801	4203	4864	5e-36	150
upstream1_unknown_TIRMutator_B10_firstKb	DTM_Zm01468_AC186160-1	76.64	518	88	9	486	1000	4764	4277	8e-105	378
upstream2_unknown_unknown_G11	DTA_ZM00172_consensus	96.09	690	19	1	3	684	2	691	0.0	1126
upstream2_unknown_unknown_B1	DTA_ZM00172_consensus	96.09	690	19	1	3	684	2	691	0.0	1126
upstream3_GTATG_SOLO_B9	RLC_ji_AC215728-13156	87.67	1241	108	12	1	1200	1	1237	0.0	1535
upstream3_GTATG_SOLO_B9	RLC_ji_AC215728-13156	87.67	1241	108	12	1	1200	8097	9333	0.0	1535
upstream3_GTATG_SOLO_E9	RLC_ji_AC215728-13156	87.59	1241	109	12	1	1200	1	1237	0.0	1532
upstream3_GTATG_SOLO_E9	RLC_ji_AC215728-13156	87.59	1241	109	12	1	1200	8097	9333	0.0	1532
upstream3_GTATG_SOLO_B2	RLC_ji_AC215728-13156	87.83	1241	106	12	1	1200	1	1237	0.0	1544
upstream3_GTATG_SOLO_B2	RLC_ji_AC215728-13156	87.83	1241	106	12	1	1200	8097	9333	0.0	1544
upstream3_GTATG_SOLO_C4	RLC_ji_AC215728-13156	87.67	1241	108	12	1	1200	1	1237	0.0	1535
upstream3_GTATG_SOLO_C4	RLC_ji_AC215728-13156	87.67	1241	108	12	1	1200	8097	9333	0.0	1535
upstream4_CCGGG_LTR_B1	RLC_opie_AC201793-7083	94.76	2672	121	4	1005	3670	5532	2874	0.0	4186
upstream4_CCGGG_LTR_B1	RLC_opie_AC201793-7083	86.89	1312	130	12	3669	4969	1729	449	0.0	1575
upstream4_CCGGG_LTR_B1	RLC_opie_AC201793-7083	89.77	733	66	7	4190	4919	7180	6454	0.0	960
upstream4_CCGGG_LTR_B1	RLC_opie_AC201793-7083	85.22	846	81	11	1	831	1205	389	0.0	953
upstream4_CCGGG_LTR_B1	RLC_opie_AC201793-7083	88.13	733	67	8	1	719	7180	6454	0.0	911
upstream4_CCGGG_LTR_B1	RLC_opie_AC201793-7083	82.33	249	32	3	5182	5429	238	1	5e-65	248
upstream4_CCGGG_LTR_B1	RLC_opie_AC201793-7083	81.43	237	32	3	5194	5429	6141	5916	2e-58	226
upstream5_ATAAT_LTR_trimmed_B9	RLG_huck_AC193313-3542	88.77	6963	612	43	7188	14042	12463	5563	0.0	8991
upstream5_ATAAT_LTR_trimmed_B9	RLG_huck_AC193313-3542	90.76	5203	328	34	14043	19126	5169	1	0.0	7200
upstream5_ATAAT_LTR_trimmed_B9	RLG_huck_AC193313-3542	88.35	1751	126	18	7188	8875	1736	1	0.0	2228
upstream5_ATAAT_LTR_trimmed_B9	RLG_huck_AC193313-3542	85.32	1744	128	21	17497	19126	12463	10734	0.0	2012
upstream5_ATAAT_LTR_trimmed_B9	RLG_huck_AC193313-3542	86.30	416	43	12	7906	8319	899	496	1e-125	452
upstream5_ATAAT_LTR_trimmed_B9	RLG_huck_AC193313-3542	85.58	416	46	12	7906	8319	11632	11229	7e-122	439
upstream5_ATAAT_LTR_trimmed_B9	RLG_huck_AC193313-3542	89.12	331	29	5	8052	8382	981	658	6e-116	419
upstream5_ATAAT_LTR_trimmed_B9	RLG_huck_AC193313-3542	87.54	345	36	5	8038	8382	11728	11391	1e-113	412
upstream5_ATAAT_LTR_trimmed_B9	RLG_huck_AC193313-3542	87.42	326	31	9	18249	18572	813	496	8e-102	372
upstream5_ATAAT_LTR_trimmed_B9	RLG_huck_AC193313-3542	86.81	326	33	9	7939	8262	813	496	4e-99	363
upstream5_ATAAT_LTR_trimmed_B9	RLG_huck_AC193313-3542	86.81	326	33	9	18249	18572	11546	11229	4e-99	363
upstream5_ATAAT_LTR_trimmed_B9	RLG_huck_AC193313-3542	86.20	326	35	9	7939	8262	11546	11229	2e-96	354
upstream5_ATAAT_LTR_trimmed_B9	RLG_huck_AC193313-3542	89.05	274	24	4	18362	18635	981	714	3e-94	347
upstream5_ATAAT_LTR_trimmed_B9	RLG_huck_AC193313-3542	87.15	288	31	4	18348	18635	11728	11447	5e-92	340
upstream5_ATAAT_LTR_trimmed_B9	RLG_huck_AC193313-3542	87.55	273	29	4	8110	8382	981	714	1e-87	325
upstream5_ATAAT_LTR_trimmed_B9	RLG_huck_AC193313-3542	85.71	287	36	4	8096	8382	11728	11447	5e-86	320
upstream5_ATAAT_LTR_trimmed_B9	RLG_huck_AC193313-3542	86.08	273	29	8	18245	18515	761	496	6e-78	293
upstream5_ATAAT_LTR_trimmed_B9	RLG_huck_AC193313-3542	85.35	273	31	8	7935	8205	761	496	3e-75	284
upstream5_ATAAT_LTR_trimmed_B9	RLG_huck_AC193313-3542	84.98	273	32	8	18245	18515	11494	11229	4e-74	280
upstream5_ATAAT_LTR_trimmed_B9	RLG_huck_AC193313-3542	84.25	273	34	8	7935	8205	11494	11229	2e-71	271
upstream5_ATAAT_LTR_trimmed_B9	RLG_huck_AC193313-3542	86.57	216	25	3	18420	18635	981	770	7e-65	250
upstream5_ATAAT_LTR_trimmed_B9	RLG_huck_AC193313-3542	86.11	216	26	3	8167	8382	981	770	3e-63	244
upstream5_ATAAT_LTR_trimmed_B9	RLG_huck_AC193313-3542	84.35	230	32	3	18406	18635	11728	11503	1e-62	242
upstream5_ATAAT_LTR_trimmed_B9	RLG_huck_AC193313-3542	85.19	216	28	3	8167	8382	11714	11503	2e-60	235
upstream5_ATAAT_LTR_trimmed_B9	RLG_huck_AC193313-3542	83.33	216	28	7	18245	18458	705	496	9e-51	203
upstream5_ATAAT_LTR_trimmed_B9	RLG_huck_AC193313-3542	82.87	216	29	7	7935	8148	705	496	1e-49	199
upstream5_ATAAT_LTR_trimmed_B9	RLG_huck_AC193313-3542	82.41	216	30	7	18245	18458	11438	11229	5e-48	194
upstream5_ATAAT_LTR_trimmed_B9	RLG_huck_AC193313-3542	81.94	216	31	7	7935	8148	11438	11229	6e-47	190
upstream5_ATAAT_LTR_trimmed_B9	RLG_huck_AC193313-3542	83.65	159	23	2	8224	8382	981	826	8e-39	163
upstream5_ATAAT_LTR_trimmed_B9	RLG_huck_AC193313-3542	81.50	173	29	2	8210	8382	11728	11559	3e-38	161
upstream5_ATAAT_LTR_trimmed_B9	RLG_huck_AC193313-3542	83.02	159	24	2	18477	18635	981	826	1e-37	159
upstream5_ATAAT_LTR_trimmed_B9	RLG_huck_AC193313-3542	80.92	173	30	2	18463	18635	11728	11559	3e-37	158
upstream5_ATAAT_LTR_trimmed_B9	RLG_huck_AC193313-3542	80.00	160	26	5	18245	18402	649	494	6e-28	127
upstream5_ATAAT_LTR_trimmed_B9	RLG_huck_AC193313-3542	79.38	160	27	5	7935	8092	649	494	7e-27	123
upstream5_ATAAT_LTR_trimmed_B9	RLG_huck_AC193313-3542	78.75	160	28	5	18245	18402	11382	11227	3e-25	118
upstream5_ATAAT_LTR_trimmed_B9	RLG_huck_AC193313-3542	78.12	160	29	5	7935	8092	11382	11227	4e-24	114
upstream5_ATAAT_LTR_trimmed_E9	RLG_huck_AC193313-3542	88.79	6961	611	43	7211	14062	12463	5563	0.0	8998
upstream5_ATAAT_LTR_trimmed_E9	RLG_huck_AC193313-3542	91.87	5203	327	32	14063	19203	5169	1	0.0	7418
upstream5_ATAAT_LTR_trimmed_E9	RLG_huck_AC193313-3542	88.70	1744	126	19	17517	19203	12463	10734	0.0	2235
upstream5_ATAAT_LTR_trimmed_E9	RLG_huck_AC193313-3542	88.34	1750	127	18	7211	8897	1736	1	0.0	2224
upstream5_ATAAT_LTR_trimmed_E9	RLG_huck_AC193313-3542	86.30	416	43	12	18236	18649	899	496	1e-125	452
upstream5_ATAAT_LTR_trimmed_E9	RLG_huck_AC193313-3542	86.90	397	41	10	7948	8342	883	496	5e-124	446
upstream5_ATAAT_LTR_trimmed_E9	RLG_huck_AC193313-3542	85.58	416	46	12	18236	18649	11632	11229	7e-122	439
upstream5_ATAAT_LTR_trimmed_E9	RLG_huck_AC193313-3542	86.15	397	44	10	7948	8342	11616	11229	3e-120	434
upstream5_ATAAT_LTR_trimmed_E9	RLG_huck_AC193313-3542	89.12	331	29	5	18382	18712	981	658	6e-116	419
upstream5_ATAAT_LTR_trimmed_E9	RLG_huck_AC193313-3542	89.12	331	29	5	8075	8405	981	658	6e-116	419
upstream5_ATAAT_LTR_trimmed_E9	RLG_huck_AC193313-3542	87.54	345	36	5	18368	18712	11728	11391	9e-114	412
upstream5_ATAAT_LTR_trimmed_E9	RLG_huck_AC193313-3542	87.54	345	36	5	8061	8405	11728	11391	9e-114	412
upstream5_ATAAT_LTR_trimmed_E9	RLG_huck_AC193313-3542	86.81	326	33	9	18269	18592	813	496	4e-99	363
upstream5_ATAAT_LTR_trimmed_E9	RLG_huck_AC193313-3542	86.50	326	34	9	7962	8285	813	496	2e-97	358
upstream5_ATAAT_LTR_trimmed_E9	RLG_huck_AC193313-3542	86.20	326	35	9	18269	18592	11546	11229	2e-96	354
upstream5_ATAAT_LTR_trimmed_E9	RLG_huck_AC193313-3542	85.89	326	36	9	7962	8285	11546	11229	9e-95	349
upstream5_ATAAT_LTR_trimmed_E9	RLG_huck_AC193313-3542	87.55	273	29	4	18440	18712	981	714	1e-87	325
upstream5_ATAAT_LTR_trimmed_E9	RLG_huck_AC193313-3542	87.55	273	29	4	8133	8405	981	714	1e-87	325
upstream5_ATAAT_LTR_trimmed_E9	RLG_huck_AC193313-3542	85.71	287	36	4	18426	18712	11728	11447	5e-86	320
upstream5_ATAAT_LTR_trimmed_E9	RLG_huck_AC193313-3542	85.71	287	36	4	8119	8405	11728	11447	5e-86	320
upstream5_ATAAT_LTR_trimmed_E9	RLG_huck_AC193313-3542	85.35	273	31	8	18265	18535	761	496	3e-75	284
upstream5_ATAAT_LTR_trimmed_E9	RLG_huck_AC193313-3542	84.98	273	32	8	7958	8228	761	496	4e-74	280
upstream5_ATAAT_LTR_trimmed_E9	RLG_huck_AC193313-3542	84.25	273	34	8	18265	18535	11494	11229	2e-71	271
upstream5_ATAAT_LTR_trimmed_E9	RLG_huck_AC193313-3542	83.88	273	35	8	7958	8228	11494	11229	9e-70	266
upstream5_ATAAT_LTR_trimmed_E9	RLG_huck_AC193313-3542	86.57	216	25	3	18497	18712	981	770	7e-65	250
upstream5_ATAAT_LTR_trimmed_E9	RLG_huck_AC193313-3542	86.11	216	26	3	8190	8405	981	770	3e-63	244
upstream5_ATAAT_LTR_trimmed_E9	RLG_huck_AC193313-3542	85.65	216	27	3	18497	18712	11714	11503	3e-62	241
upstream5_ATAAT_LTR_trimmed_E9	RLG_huck_AC193313-3542	85.19	216	28	3	8190	8405	11714	11503	1e-60	235
upstream5_ATAAT_LTR_trimmed_E9	RLG_huck_AC193313-3542	82.87	216	29	7	18265	18478	705	496	1e-49	199
upstream5_ATAAT_LTR_trimmed_E9	RLG_huck_AC193313-3542	82.41	216	30	7	7958	8171	705	496	5e-48	194
upstream5_ATAAT_LTR_trimmed_E9	RLG_huck_AC193313-3542	81.94	216	31	7	18265	18478	11438	11229	6e-47	190
upstream5_ATAAT_LTR_trimmed_E9	RLG_huck_AC193313-3542	81.48	216	32	7	7958	8171	11438	11229	2e-45	185
upstream5_ATAAT_LTR_trimmed_E9	RLG_huck_AC193313-3542	83.65	159	23	2	8247	8405	981	826	8e-39	163
upstream5_ATAAT_LTR_trimmed_E9	RLG_huck_AC193313-3542	81.50	173	29	2	8233	8405	11728	11559	3e-38	161
upstream5_ATAAT_LTR_trimmed_E9	RLG_huck_AC193313-3542	83.02	159	24	2	18554	18712	981	826	9e-38	159
upstream5_ATAAT_LTR_trimmed_E9	RLG_huck_AC193313-3542	80.92	173	30	2	18540	18712	11728	11559	3e-37	158
upstream5_ATAAT_LTR_trimmed_E9	RLG_huck_AC193313-3542	80.00	160	26	5	18265	18422	649	494	6e-28	127
upstream5_ATAAT_LTR_trimmed_E9	RLG_huck_AC193313-3542	78.75	160	28	5	7958	8115	649	494	3e-25	118
upstream5_ATAAT_LTR_trimmed_E9	RLG_huck_AC193313-3542	78.75	160	28	5	18265	18422	11382	11227	3e-25	118
upstream5_ATAAT_LTR_trimmed_E9	RLG_huck_AC193313-3542	77.50	160	30	5	7958	8115	11382	11227	1e-22	109
upstream5_ATAAT_LTR_trimmed_B2	RLG_huck_AC193313-3542	88.35	6960	642	44	7232	14081	12463	5563	0.0	8872
upstream5_ATAAT_LTR_trimmed_B2	RLG_huck_AC193313-3542	91.62	5204	338	33	14082	19222	5169	1	0.0	7368
upstream5_ATAAT_LTR_trimmed_B2	RLG_huck_AC193313-3542	88.59	1744	129	17	17535	19222	12463	10734	0.0	2237
upstream5_ATAAT_LTR_trimmed_B2	RLG_huck_AC193313-3542	88.33	1748	130	16	7232	8917	1736	1	0.0	2233
upstream5_ATAAT_LTR_trimmed_B2	RLG_huck_AC193313-3542	86.30	416	43	12	7951	8364	899	496	1e-125	452
upstream5_ATAAT_LTR_trimmed_B2	RLG_huck_AC193313-3542	85.58	416	46	12	18255	18668	899	496	2e-122	441
upstream5_ATAAT_LTR_trimmed_B2	RLG_huck_AC193313-3542	85.58	416	46	12	7951	8364	11632	11229	7e-122	439
upstream5_ATAAT_LTR_trimmed_B2	RLG_huck_AC193313-3542	84.86	416	49	12	18255	18668	11632	11229	1e-118	428
upstream5_ATAAT_LTR_trimmed_B2	RLG_huck_AC193313-3542	88.82	331	30	5	18401	18731	981	658	8e-115	416
upstream5_ATAAT_LTR_trimmed_B2	RLG_huck_AC193313-3542	88.82	331	30	5	8097	8427	981	658	8e-115	416
upstream5_ATAAT_LTR_trimmed_B2	RLG_huck_AC193313-3542	87.25	345	37	5	18387	18731	11728	11391	3e-113	410
upstream5_ATAAT_LTR_trimmed_B2	RLG_huck_AC193313-3542	87.25	345	37	5	8083	8427	11728	11391	1e-112	408
upstream5_ATAAT_LTR_trimmed_B2	RLG_huck_AC193313-3542	87.12	326	32	9	7984	8307	813	496	3e-100	367
upstream5_ATAAT_LTR_trimmed_B2	RLG_huck_AC193313-3542	86.50	326	34	9	7984	8307	11546	11229	2e-97	358
upstream5_ATAAT_LTR_trimmed_B2	RLG_huck_AC193313-3542	85.89	326	36	9	18288	18611	813	496	8e-96	352
upstream5_ATAAT_LTR_trimmed_B2	RLG_huck_AC193313-3542	85.28	326	38	9	18288	18611	11546	11229	4e-93	343
upstream5_ATAAT_LTR_trimmed_B2	RLG_huck_AC193313-3542	87.55	273	29	4	8155	8427	981	714	3e-88	327
upstream5_ATAAT_LTR_trimmed_B2	RLG_huck_AC193313-3542	87.55	273	29	4	18459	18731	981	714	1e-87	325
upstream5_ATAAT_LTR_trimmed_B2	RLG_huck_AC193313-3542	85.71	287	36	4	8141	8427	11728	11447	5e-86	320
upstream5_ATAAT_LTR_trimmed_B2	RLG_huck_AC193313-3542	86.81	273	31	4	18459	18731	11714	11447	6e-85	316
upstream5_ATAAT_LTR_trimmed_B2	RLG_huck_AC193313-3542	85.71	273	30	8	7980	8250	761	496	8e-77	289
upstream5_ATAAT_LTR_trimmed_B2	RLG_huck_AC193313-3542	84.62	273	33	8	7980	8250	11494	11229	2e-72	275
upstream5_ATAAT_LTR_trimmed_B2	RLG_huck_AC193313-3542	84.25	273	34	8	18284	18554	761	496	6e-72	273
upstream5_ATAAT_LTR_trimmed_B2	RLG_huck_AC193313-3542	83.52	273	36	8	18284	18554	11494	11229	3e-69	264
upstream5_ATAAT_LTR_trimmed_B2	RLG_huck_AC193313-3542	86.57	216	25	3	18516	18731	981	770	7e-65	250
upstream5_ATAAT_LTR_trimmed_B2	RLG_huck_AC193313-3542	86.11	216	26	3	8212	8427	981	770	8e-64	246
upstream5_ATAAT_LTR_trimmed_B2	RLG_huck_AC193313-3542	85.65	216	27	3	18516	18731	11714	11503	3e-62	241
upstream5_ATAAT_LTR_trimmed_B2	RLG_huck_AC193313-3542	85.19	216	28	3	8212	8427	11714	11503	4e-61	237
upstream5_ATAAT_LTR_trimmed_B2	RLG_huck_AC193313-3542	83.33	216	28	7	7980	8193	705	496	9e-51	203
upstream5_ATAAT_LTR_trimmed_B2	RLG_huck_AC193313-3542	82.41	216	30	7	7980	8193	11438	11229	5e-48	194
upstream5_ATAAT_LTR_trimmed_B2	RLG_huck_AC193313-3542	81.48	216	32	7	18284	18497	705	496	2e-46	188
upstream5_ATAAT_LTR_trimmed_B2	RLG_huck_AC193313-3542	80.56	216	34	7	18284	18497	11438	11229	1e-43	179
upstream5_ATAAT_LTR_trimmed_B2	RLG_huck_AC193313-3542	83.02	159	24	2	18573	18731	981	826	9e-38	159
upstream5_ATAAT_LTR_trimmed_B2	RLG_huck_AC193313-3542	80.92	173	30	2	18559	18731	11728	11559	3e-37	158
upstream5_ATAAT_LTR_trimmed_B2	RLG_huck_AC193313-3542	82.39	159	25	2	8269	8427	981	826	1e-36	156
upstream5_ATAAT_LTR_trimmed_B2	RLG_huck_AC193313-3542	80.35	173	31	2	8255	8427	11728	11559	4e-36	154
upstream5_ATAAT_LTR_trimmed_B2	RLG_huck_AC193313-3542	80.00	160	26	5	18284	18441	649	494	6e-28	127
upstream5_ATAAT_LTR_trimmed_B2	RLG_huck_AC193313-3542	80.00	160	26	5	7980	8137	649	494	6e-28	127
upstream5_ATAAT_LTR_trimmed_B2	RLG_huck_AC193313-3542	78.75	160	28	5	18284	18441	11382	11227	3e-25	118
upstream5_ATAAT_LTR_trimmed_B2	RLG_huck_AC193313-3542	78.75	160	28	5	7980	8137	11382	11227	3e-25	118
