downstream10.5_unclear_unclear_B9	RLG_gyma_AC189750-2238	74.12	340	57	12	9028	9358	9599	9916	3e-47	190
downstream10.5_unclear_unclear_E9	RLG_gyma_AC189750-2238	74.41	340	56	12	9027	9357	9599	9916	6e-49	196
downstream10.5_unclear_unclear_G11	RLG_gyma_AC189750-2238	74.71	340	55	12	9057	9387	9599	9916	5e-50	199
downstream12_GTTCC_solo_E9	RLC_bote_AC211535-11252	91.86	221	17	1	2033	2253	2438	2657	2e-85	315
downstream13_GAGCC_LTR_B9	RLC_opie_AC202033-7274	84.59	649	72	13	8315	8945	8363	9001	0.0	686
downstream14_GAACC_LTR_B9	RLC_ji_AC193479-3665	86.52	660	62	18	3	650	1275	631	0.0	733
downstream14_GAACC_LTR_E9	RLC_ji_AC202456-7443	82.90	1164	146	16	5234	6362	1805	660	0.0	1178
downstream14_GAACC_LTR_F6	RLC_ji_AC202456-7443	82.55	1163	150	16	5275	6401	1805	660	0.0	1159
downstream14_GAACC_LTR_G11	RLC_ji_AC202456-7443	82.82	1164	144	17	5245	6370	1805	660	0.0	1171
downstream1_BACend_LINE_B2	RIL_loneok_AC193379-0	97.56	2995	60	4	1	2994	6087	3105	0.0	5066
downstream2_TTTACCGATCTTCT_LINE_B10	RIL_afeda_AC208414-0	98.78	1477	16	2	1	1475	6304	4828	0.0	2576
downstream3_BACend_LINE_B10	RLX_hiimam_AC207734-9687	91.99	1148	86	2	1	1147	1349	207	0.0	1653
downstream4_TIR_potentially_B1	RLG_gyma_AC212146-11616	75.62	1132	192	30	3710	4802	9957	11043	0.0	738
downstream5_ACGTG_LTR_G11	RLC_ji_AC215728-13156	75.45	110	24	1	11894	12003	3049	3155	2e-12	75.2
downstream6_GCATT_LTR_B9	RLG_prem1_AC200105-6751	80.84	501	57	18	2856	3341	477	1	6e-118	425
downstream6_GCATT_LTR_E9	RLG_prem1_AC200105-6751	80.84	501	57	18	2856	3341	477	1	6e-118	425
downstream6_GCATT_LTR_F6	RLG_prem1_AC200105-6751	81.24	501	55	18	2858	3343	477	1	1e-120	434
downstream7_GCTGT_LTR_B9	RLC_opie_AC202033-7274	84.08	647	74	14	1	627	1296	659	0.0	666
downstream7_GCTGT_LTR_E9	RLC_opie_AC202033-7274	84.34	645	74	12	7661	8287	9001	8366	0.0	679
downstream8_WATTC_unknown_B9	RLG_huck_AC203007-7610	77.42	93	19	1	495	587	724	814	2e-12	71.6
downstream8_WATTC_unknown_E9	RLG_huck_AC203007-7610	77.42	93	19	1	495	587	724	814	2e-12	71.6
downstream9_TAAAC_unknown_B9	RLG_xilon-diguus_AC185317-1058	71.35	178	43	5	6817	6990	1691	1864	3e-13	77.0
downstream9_TAAAC_unknown_E9	RLG_xilon-diguus_AC185317-1058	71.35	178	43	5	6817	6990	1691	1864	3e-13	77.0
downstream9_TAAAC_unknown_F6	RLG_xilon-diguus_AC185317-1058	70.56	180	46	4	7157	7332	1688	1864	1e-12	75.2
downstream9_TAAAC_unknown_G11	RLG_xilon-diguus_AC185317-1058	71.35	178	43	5	6804	6977	1691	1864	3e-13	77.0
gene2_TCACG_LTR_needswork_B1	RIL_leijoh_AC212369-0	65.08	3265	1080	45	506	3740	6098	2864	9e-171	600
gene2_TCACG_LTR_needswork_B2	RIL_leijoh_AC212369-0	65.09	3266	1080	46	505	3741	6098	2864	3e-170	598
gene2_TCACG_LTR_needswork_B9	RIL_leijoh_AC212369-0	65.04	3269	1079	48	505	3743	6098	2864	7e-166	583
gene2_TCACG_LTR_needswork_C4	RIL_leijoh_AC212369-0	65.04	3267	1081	47	505	3742	6098	2864	6e-167	587
gene2_TCACG_LTR_needswork_E9	RIL_leijoh_AC212369-0	65.04	3267	1080	48	505	3741	6098	2864	7e-166	583
gene2_TCACG_LTR_needswork_F6	RIL_leijoh_AC212369-0	66.29	448	149	2	2	448	3310	2864	1e-26	120
gene2_TCACG_LTR_needswork_G11	RIL_leijoh_AC212369-0	65.05	3265	1081	45	506	3740	6098	2864	1e-169	596
gene3_GTACGTGCAATGGT_LINE_B2	RIL_jikeuf_AC211152-0	98.99	892	6	1	1	889	5137	6028	0.0	1566
gene4_CTTGG_LTR_C4	RLC_ji_AC192600-3526	95.68	7701	307	11	1104	8795	8417	734	0.0	12361
gene5_CATAG_LTR_C4	RLX_tuteh_AC183372-584	74.26	272	33	11	1	247	1	260	7e-39	159
gene6_AAATGTACAGATGTCT_LINE_F6	RIL_ejoet_AC212216-0	65.78	675	205	11	140	801	4203	4864	5e-36	150
upstream1_unknown_TIRMutator_B10_firstKb	DTM_Zm01468_AC186160-1	73.05	167	45	0	75	241	4991	4825	1e-20	98.7
upstream2_unknown_unknown_B1	DTA_ZM00172_consensus	96.09	690	19	1	3	684	2	691	0.0	1126
upstream2_unknown_unknown_G11	DTA_ZM00172_consensus	96.09	690	19	1	3	684	2	691	0.0	1126
upstream3_GTATG_SOLO_B2	RLC_ji_AC215728-13156	87.83	1241	106	12	1	1200	1	1237	0.0	1544
upstream3_GTATG_SOLO_B9	RLC_ji_AC215728-13156	87.67	1241	108	12	1	1200	1	1237	0.0	1535
upstream3_GTATG_SOLO_C4	RLC_ji_AC215728-13156	87.67	1241	108	12	1	1200	1	1237	0.0	1535
upstream3_GTATG_SOLO_E9	RLC_ji_AC215728-13156	87.59	1241	109	12	1	1200	1	1237	0.0	1532
upstream4_CCGGG_LTR_B1	RLC_opie_AC201793-7083	81.43	237	32	3	5194	5429	6141	5916	2e-58	226
upstream5_ATAAT_LTR_trimmed_B2	RLG_huck_AC193313-3542	75.00	116	27	1	18616	18731	11728	11615	9e-13	77.0
upstream5_ATAAT_LTR_trimmed_B9	RLG_huck_AC193313-3542	75.00	116	27	1	18520	18635	11728	11615	9e-13	77.0
upstream5_ATAAT_LTR_trimmed_E9	RLG_huck_AC193313-3542	75.00	116	27	1	18597	18712	11728	11615	9e-13	77.0
